<?xml version="1.0" encoding="UTF-8"?>
<testsuites name="Hosts" time="26" tests="3" failures="0" errors="0">
   <testsuite name="Hosts" tests="3" failures="0" errors="0" time="26" timestamp="2018-03-20 15:11:01" hostname="cgautier - CNTR-PC-A009.int.centreon.com" id="Test Suites/Hosts">
      <properties>
         <property name="deviceName" value=""/>
         <property name="devicePlatform" value=""/>
         <property name="logFolder" value="C:\\Users\\cgautier\\git\\KatalonStudio\\Reports\\Hosts\\20180320_151052"/>
         <property name="logFiles" value="C:\\Users\\cgautier\\git\\KatalonStudio\\Reports\\Hosts\\20180320_151052\\execution0.log"/>
         <property name="attachments" value=""/>
         <property name="hostName" value="cgautier - CNTR-PC-A009.int.centreon.com"/>
         <property name="os" value="Windows 10 64bit"/>
         <property name="katalonVersion" value="5.3.1.1"/>
         <property name="browser" value="Firefox 58.0"/>
         <property name="hostAddress" value="192.168.56.1"/>
         <property name="sessionId" value="d2d28b24-7f6e-4234-9296-ed4b223acf9b"/>
         <property name="seleniumVersion" value="3.7.1"/>
         <property name="proxyInformation" value="ProxyInformation{proxyOption=NO_PROXY, proxyServerType=HTTP, password=, proxyServerAddress=, proxyServerPort=0}"/>
         <property name="platform" value="Windows 10"/>
      </properties>
      <testcase name="Test Cases/Basic Login" classname="Test Cases/Basic Login" status="PASSED">
         <system-out><![CDATA[2018-03-20 15:11:01 - [TEST_CASE][PASSED] - Test Cases/Basic Login: Test Cases/Basic Login

2018-03-20 15:11:01 - [TEST_STEP][PASSED] - openBrowser: Browser is opened with url: ''

2018-03-20 15:11:04 - [MESSAGE][PASSED] - Browser is opened with url: ''

2018-03-20 15:11:04 - [TEST_STEP][PASSED] - maximizeWindow: Current window maximized

2018-03-20 15:11:04 - [MESSAGE][PASSED] - Current window maximized

2018-03-20 15:11:04 - [TEST_STEP][PASSED] - navigateToUrl: Navigate to 'http://10.30.2.201' successfully

2018-03-20 15:11:05 - [MESSAGE][PASSED] - Navigate to 'http://10.30.2.201' successfully

2018-03-20 15:11:05 - [TEST_STEP][PASSED] - setText: Text 'admin' is set on object 'Object Repository/Page_Centreon - IT  Network Monitor/input_useralias'

2018-03-20 15:11:05 - [MESSAGE][PASSED] - Text 'admin' is set on object 'Object Repository/Page_Centreon - IT  Network Monitor/input_useralias'

2018-03-20 15:11:05 - [TEST_STEP][PASSED] - setText: Text 'centreon' is set on object 'Object Repository/Page_Centreon - IT  Network Monitor/input_password'

2018-03-20 15:11:05 - [MESSAGE][PASSED] - Text 'centreon' is set on object 'Object Repository/Page_Centreon - IT  Network Monitor/input_password'

2018-03-20 15:11:05 - [TEST_STEP][PASSED] - click: Object: 'Object Repository/Page_Centreon - IT  Network Monitor/input_submitLogin' is clicked on

2018-03-20 15:11:05 - [MESSAGE][PASSED] - Object: 'Object Repository/Page_Centreon - IT  Network Monitor/input_submitLogin' is clicked on

2018-03-20 15:11:05 - [TEST_STEP][PASSED] - waitForPageLoad: Wait for page load successfully

2018-03-20 15:11:06 - [MESSAGE][PASSED] - Wait for page load successfully]]></system-out>
         <system-err><![CDATA[]]></system-err>
      </testcase>
      <testcase name="Test Cases/Host Creation" classname="Test Cases/Host Creation" status="PASSED">
         <system-out><![CDATA[2018-03-20 15:11:06 - [TEST_CASE][PASSED] - Test Cases/Host Creation: Test Cases/Host Creation

2018-03-20 15:11:06 - [TEST_STEP][PASSED] - Statement - n = <not implemented yet for class: org.codehaus.groovy.ast.expr.EmptyExpression>: null

2018-03-20 15:11:06 - [TEST_STEP][PASSED] - Statement - count = 0: null

2018-03-20 15:11:06 - [TEST_STEP][PASSED] - Statement - For ([i = 0, i < 5, (i++)]): null

2018-03-20 15:11:06 - [TEST_STEP][PASSED] - click: Object: 'Object Repository/Page_Centreon - IT  Network Monitor (1)/a_Configuration' is clicked on

2018-03-20 15:11:06 - [MESSAGE][PASSED] - Object: 'Object Repository/Page_Centreon - IT  Network Monitor (1)/a_Configuration' is clicked on

2018-03-20 15:11:06 - [TEST_STEP][PASSED] - click: Object: 'Object Repository/Page_Centreon - IT  Network Monitor (1)/a_Hosts' is clicked on

2018-03-20 15:11:07 - [MESSAGE][PASSED] - Object: 'Object Repository/Page_Centreon - IT  Network Monitor (1)/a_Hosts' is clicked on

2018-03-20 15:11:07 - [TEST_STEP][PASSED] - click: Object: 'Object Repository/Page_Centreon - IT  Network Monitor (1)/a_Add' is clicked on

2018-03-20 15:11:07 - [MESSAGE][PASSED] - Object: 'Object Repository/Page_Centreon - IT  Network Monitor (1)/a_Add' is clicked on

2018-03-20 15:11:07 - [TEST_STEP][PASSED] - setText: Text '""' is set on object 'Object Repository/Page_Centreon - IT  Network Monitor (1)/input_host_name'

2018-03-20 15:11:08 - [MESSAGE][PASSED] - Text '""' is set on object 'Object Repository/Page_Centreon - IT  Network Monitor (1)/input_host_name'

2018-03-20 15:11:08 - [TEST_STEP][PASSED] - setText: Text 'new_host_katalon' is set on object 'Object Repository/Page_Centreon - IT  Network Monitor (1)/input_host_alias'

2018-03-20 15:11:08 - [MESSAGE][PASSED] - Text 'new_host_katalon' is set on object 'Object Repository/Page_Centreon - IT  Network Monitor (1)/input_host_alias'

2018-03-20 15:11:08 - [TEST_STEP][PASSED] - setText: Text '127.0.0.1' is set on object 'Object Repository/Page_Centreon - IT  Network Monitor (1)/input_host_address'

2018-03-20 15:11:08 - [MESSAGE][PASSED] - Text '127.0.0.1' is set on object 'Object Repository/Page_Centreon - IT  Network Monitor (1)/input_host_address'

2018-03-20 15:11:08 - [TEST_STEP][PASSED] - setText: Text 'public' is set on object 'Object Repository/Page_Centreon - IT  Network Monitor (1)/input_host_snmp_community'

2018-03-20 15:11:08 - [MESSAGE][PASSED] - Text 'public' is set on object 'Object Repository/Page_Centreon - IT  Network Monitor (1)/input_host_snmp_community'

2018-03-20 15:11:08 - [TEST_STEP][PASSED] - selectOptionByValue: All options with value '2c' are selected in object 'Object Repository/Page_Centreon - IT  Network Monitor (1)/select_12c3'  using regular expression

2018-03-20 15:11:08 - [MESSAGE][PASSED] - All options with value '2c' are selected in object 'Object Repository/Page_Centreon - IT  Network Monitor (1)/select_12c3'  using regular expression

2018-03-20 15:11:08 - [TEST_STEP][PASSED] - click: Object: 'Object Repository/Page_Centreon - IT  Network Monitor (1)/a_Notification' is clicked on

2018-03-20 15:11:08 - [MESSAGE][PASSED] - Object: 'Object Repository/Page_Centreon - IT  Network Monitor (1)/a_Notification' is clicked on

2018-03-20 15:11:08 - [TEST_STEP][PASSED] - click: Object: 'Object Repository/Page_Centreon - IT  Network Monitor (1)/a_Relations' is clicked on

2018-03-20 15:11:08 - [MESSAGE][PASSED] - Object: 'Object Repository/Page_Centreon - IT  Network Monitor (1)/a_Relations' is clicked on

2018-03-20 15:11:08 - [TEST_STEP][PASSED] - click: Object: 'Object Repository/Page_Centreon - IT  Network Monitor (1)/a_Data Processing' is clicked on

2018-03-20 15:11:08 - [MESSAGE][PASSED] - Object: 'Object Repository/Page_Centreon - IT  Network Monitor (1)/a_Data Processing' is clicked on

2018-03-20 15:11:08 - [TEST_STEP][PASSED] - click: Object: 'Object Repository/Page_Centreon - IT  Network Monitor (1)/a_Host Extended Infos' is clicked on

2018-03-20 15:11:09 - [MESSAGE][PASSED] - Object: 'Object Repository/Page_Centreon - IT  Network Monitor (1)/a_Host Extended Infos' is clicked on

2018-03-20 15:11:09 - [TEST_STEP][PASSED] - click: Object: 'Object Repository/Page_Centreon - IT  Network Monitor (1)/input_submitA' is clicked on

2018-03-20 15:11:10 - [MESSAGE][PASSED] - Object: 'Object Repository/Page_Centreon - IT  Network Monitor (1)/input_submitA' is clicked on

2018-03-20 15:11:10 - [TEST_STEP][PASSED] - Statement - While (count < n): null

2018-03-20 15:11:10 - [TEST_STEP][PASSED] - click: Object: 'Object Repository/Page_Centreon - IT  Network Monitor (1)/a_Configuration' is clicked on

2018-03-20 15:11:10 - [MESSAGE][PASSED] - Object: 'Object Repository/Page_Centreon - IT  Network Monitor (1)/a_Configuration' is clicked on

2018-03-20 15:11:10 - [TEST_STEP][PASSED] - click: Object: 'Object Repository/Page_Centreon - IT  Network Monitor (1)/a_Hosts' is clicked on

2018-03-20 15:11:10 - [MESSAGE][PASSED] - Object: 'Object Repository/Page_Centreon - IT  Network Monitor (1)/a_Hosts' is clicked on

2018-03-20 15:11:10 - [TEST_STEP][PASSED] - click: Object: 'Object Repository/Page_Centreon - IT  Network Monitor (1)/a_Add' is clicked on

2018-03-20 15:11:11 - [MESSAGE][PASSED] - Object: 'Object Repository/Page_Centreon - IT  Network Monitor (1)/a_Add' is clicked on

2018-03-20 15:11:11 - [TEST_STEP][PASSED] - setText: Text '""' is set on object 'Object Repository/Page_Centreon - IT  Network Monitor (1)/input_host_name'

2018-03-20 15:11:11 - [MESSAGE][PASSED] - Text '""' is set on object 'Object Repository/Page_Centreon - IT  Network Monitor (1)/input_host_name'

2018-03-20 15:11:11 - [TEST_STEP][PASSED] - setText: Text 'new_host_katalon' is set on object 'Object Repository/Page_Centreon - IT  Network Monitor (1)/input_host_alias'

2018-03-20 15:11:11 - [MESSAGE][PASSED] - Text 'new_host_katalon' is set on object 'Object Repository/Page_Centreon - IT  Network Monitor (1)/input_host_alias'

2018-03-20 15:11:11 - [TEST_STEP][PASSED] - setText: Text '127.0.0.1' is set on object 'Object Repository/Page_Centreon - IT  Network Monitor (1)/input_host_address'

2018-03-20 15:11:11 - [MESSAGE][PASSED] - Text '127.0.0.1' is set on object 'Object Repository/Page_Centreon - IT  Network Monitor (1)/input_host_address'

2018-03-20 15:11:11 - [TEST_STEP][PASSED] - setText: Text 'public' is set on object 'Object Repository/Page_Centreon - IT  Network Monitor (1)/input_host_snmp_community'

2018-03-20 15:11:12 - [MESSAGE][PASSED] - Text 'public' is set on object 'Object Repository/Page_Centreon - IT  Network Monitor (1)/input_host_snmp_community'

2018-03-20 15:11:12 - [TEST_STEP][PASSED] - selectOptionByValue: All options with value '2c' are selected in object 'Object Repository/Page_Centreon - IT  Network Monitor (1)/select_12c3'  using regular expression

2018-03-20 15:11:12 - [MESSAGE][PASSED] - All options with value '2c' are selected in object 'Object Repository/Page_Centreon - IT  Network Monitor (1)/select_12c3'  using regular expression

2018-03-20 15:11:12 - [TEST_STEP][PASSED] - click: Object: 'Object Repository/Page_Centreon - IT  Network Monitor (1)/a_Notification' is clicked on

2018-03-20 15:11:12 - [MESSAGE][PASSED] - Object: 'Object Repository/Page_Centreon - IT  Network Monitor (1)/a_Notification' is clicked on

2018-03-20 15:11:12 - [TEST_STEP][PASSED] - click: Object: 'Object Repository/Page_Centreon - IT  Network Monitor (1)/a_Relations' is clicked on

2018-03-20 15:11:12 - [MESSAGE][PASSED] - Object: 'Object Repository/Page_Centreon - IT  Network Monitor (1)/a_Relations' is clicked on

2018-03-20 15:11:12 - [TEST_STEP][PASSED] - click: Object: 'Object Repository/Page_Centreon - IT  Network Monitor (1)/a_Data Processing' is clicked on

2018-03-20 15:11:12 - [MESSAGE][PASSED] - Object: 'Object Repository/Page_Centreon - IT  Network Monitor (1)/a_Data Processing' is clicked on

2018-03-20 15:11:12 - [TEST_STEP][PASSED] - click: Object: 'Object Repository/Page_Centreon - IT  Network Monitor (1)/a_Host Extended Infos' is clicked on

2018-03-20 15:11:13 - [MESSAGE][PASSED] - Object: 'Object Repository/Page_Centreon - IT  Network Monitor (1)/a_Host Extended Infos' is clicked on

2018-03-20 15:11:13 - [TEST_STEP][PASSED] - click: Object: 'Object Repository/Page_Centreon - IT  Network Monitor (1)/input_submitA' is clicked on

2018-03-20 15:11:14 - [MESSAGE][PASSED] - Object: 'Object Repository/Page_Centreon - IT  Network Monitor (1)/input_submitA' is clicked on

2018-03-20 15:11:14 - [TEST_STEP][PASSED] - Statement - While (count < n): null

2018-03-20 15:11:14 - [TEST_STEP][PASSED] - click: Object: 'Object Repository/Page_Centreon - IT  Network Monitor (1)/a_Configuration' is clicked on

2018-03-20 15:11:14 - [MESSAGE][PASSED] - Object: 'Object Repository/Page_Centreon - IT  Network Monitor (1)/a_Configuration' is clicked on

2018-03-20 15:11:14 - [TEST_STEP][PASSED] - click: Object: 'Object Repository/Page_Centreon - IT  Network Monitor (1)/a_Hosts' is clicked on

2018-03-20 15:11:14 - [MESSAGE][PASSED] - Object: 'Object Repository/Page_Centreon - IT  Network Monitor (1)/a_Hosts' is clicked on

2018-03-20 15:11:14 - [TEST_STEP][PASSED] - click: Object: 'Object Repository/Page_Centreon - IT  Network Monitor (1)/a_Add' is clicked on

2018-03-20 15:11:15 - [MESSAGE][PASSED] - Object: 'Object Repository/Page_Centreon - IT  Network Monitor (1)/a_Add' is clicked on

2018-03-20 15:11:15 - [TEST_STEP][PASSED] - setText: Text '""' is set on object 'Object Repository/Page_Centreon - IT  Network Monitor (1)/input_host_name'

2018-03-20 15:11:15 - [MESSAGE][PASSED] - Text '""' is set on object 'Object Repository/Page_Centreon - IT  Network Monitor (1)/input_host_name'

2018-03-20 15:11:15 - [TEST_STEP][PASSED] - setText: Text 'new_host_katalon' is set on object 'Object Repository/Page_Centreon - IT  Network Monitor (1)/input_host_alias'

2018-03-20 15:11:15 - [MESSAGE][PASSED] - Text 'new_host_katalon' is set on object 'Object Repository/Page_Centreon - IT  Network Monitor (1)/input_host_alias'

2018-03-20 15:11:15 - [TEST_STEP][PASSED] - setText: Text '127.0.0.1' is set on object 'Object Repository/Page_Centreon - IT  Network Monitor (1)/input_host_address'

2018-03-20 15:11:15 - [MESSAGE][PASSED] - Text '127.0.0.1' is set on object 'Object Repository/Page_Centreon - IT  Network Monitor (1)/input_host_address'

2018-03-20 15:11:15 - [TEST_STEP][PASSED] - setText: Text 'public' is set on object 'Object Repository/Page_Centreon - IT  Network Monitor (1)/input_host_snmp_community'

2018-03-20 15:11:15 - [MESSAGE][PASSED] - Text 'public' is set on object 'Object Repository/Page_Centreon - IT  Network Monitor (1)/input_host_snmp_community'

2018-03-20 15:11:15 - [TEST_STEP][PASSED] - selectOptionByValue: All options with value '2c' are selected in object 'Object Repository/Page_Centreon - IT  Network Monitor (1)/select_12c3'  using regular expression

2018-03-20 15:11:16 - [MESSAGE][PASSED] - All options with value '2c' are selected in object 'Object Repository/Page_Centreon - IT  Network Monitor (1)/select_12c3'  using regular expression

2018-03-20 15:11:16 - [TEST_STEP][PASSED] - click: Object: 'Object Repository/Page_Centreon - IT  Network Monitor (1)/a_Notification' is clicked on

2018-03-20 15:11:16 - [MESSAGE][PASSED] - Object: 'Object Repository/Page_Centreon - IT  Network Monitor (1)/a_Notification' is clicked on

2018-03-20 15:11:16 - [TEST_STEP][PASSED] - click: Object: 'Object Repository/Page_Centreon - IT  Network Monitor (1)/a_Relations' is clicked on

2018-03-20 15:11:16 - [MESSAGE][PASSED] - Object: 'Object Repository/Page_Centreon - IT  Network Monitor (1)/a_Relations' is clicked on

2018-03-20 15:11:16 - [TEST_STEP][PASSED] - click: Object: 'Object Repository/Page_Centreon - IT  Network Monitor (1)/a_Data Processing' is clicked on

2018-03-20 15:11:16 - [MESSAGE][PASSED] - Object: 'Object Repository/Page_Centreon - IT  Network Monitor (1)/a_Data Processing' is clicked on

2018-03-20 15:11:16 - [TEST_STEP][PASSED] - click: Object: 'Object Repository/Page_Centreon - IT  Network Monitor (1)/a_Host Extended Infos' is clicked on

2018-03-20 15:11:16 - [MESSAGE][PASSED] - Object: 'Object Repository/Page_Centreon - IT  Network Monitor (1)/a_Host Extended Infos' is clicked on

2018-03-20 15:11:16 - [TEST_STEP][PASSED] - click: Object: 'Object Repository/Page_Centreon - IT  Network Monitor (1)/input_submitA' is clicked on

2018-03-20 15:11:17 - [MESSAGE][PASSED] - Object: 'Object Repository/Page_Centreon - IT  Network Monitor (1)/input_submitA' is clicked on

2018-03-20 15:11:17 - [TEST_STEP][PASSED] - Statement - While (count < n): null

2018-03-20 15:11:17 - [TEST_STEP][PASSED] - click: Object: 'Object Repository/Page_Centreon - IT  Network Monitor (1)/a_Configuration' is clicked on

2018-03-20 15:11:17 - [MESSAGE][PASSED] - Object: 'Object Repository/Page_Centreon - IT  Network Monitor (1)/a_Configuration' is clicked on

2018-03-20 15:11:17 - [TEST_STEP][PASSED] - click: Object: 'Object Repository/Page_Centreon - IT  Network Monitor (1)/a_Hosts' is clicked on

2018-03-20 15:11:18 - [MESSAGE][PASSED] - Object: 'Object Repository/Page_Centreon - IT  Network Monitor (1)/a_Hosts' is clicked on

2018-03-20 15:11:18 - [TEST_STEP][PASSED] - click: Object: 'Object Repository/Page_Centreon - IT  Network Monitor (1)/a_Add' is clicked on

2018-03-20 15:11:19 - [MESSAGE][PASSED] - Object: 'Object Repository/Page_Centreon - IT  Network Monitor (1)/a_Add' is clicked on

2018-03-20 15:11:19 - [TEST_STEP][PASSED] - setText: Text '""' is set on object 'Object Repository/Page_Centreon - IT  Network Monitor (1)/input_host_name'

2018-03-20 15:11:19 - [MESSAGE][PASSED] - Text '""' is set on object 'Object Repository/Page_Centreon - IT  Network Monitor (1)/input_host_name'

2018-03-20 15:11:19 - [TEST_STEP][PASSED] - setText: Text 'new_host_katalon' is set on object 'Object Repository/Page_Centreon - IT  Network Monitor (1)/input_host_alias'

2018-03-20 15:11:19 - [MESSAGE][PASSED] - Text 'new_host_katalon' is set on object 'Object Repository/Page_Centreon - IT  Network Monitor (1)/input_host_alias'

2018-03-20 15:11:19 - [TEST_STEP][PASSED] - setText: Text '127.0.0.1' is set on object 'Object Repository/Page_Centreon - IT  Network Monitor (1)/input_host_address'

2018-03-20 15:11:19 - [MESSAGE][PASSED] - Text '127.0.0.1' is set on object 'Object Repository/Page_Centreon - IT  Network Monitor (1)/input_host_address'

2018-03-20 15:11:19 - [TEST_STEP][PASSED] - setText: Text 'public' is set on object 'Object Repository/Page_Centreon - IT  Network Monitor (1)/input_host_snmp_community'

2018-03-20 15:11:19 - [MESSAGE][PASSED] - Text 'public' is set on object 'Object Repository/Page_Centreon - IT  Network Monitor (1)/input_host_snmp_community'

2018-03-20 15:11:19 - [TEST_STEP][PASSED] - selectOptionByValue: All options with value '2c' are selected in object 'Object Repository/Page_Centreon - IT  Network Monitor (1)/select_12c3'  using regular expression

2018-03-20 15:11:19 - [MESSAGE][PASSED] - All options with value '2c' are selected in object 'Object Repository/Page_Centreon - IT  Network Monitor (1)/select_12c3'  using regular expression

2018-03-20 15:11:19 - [TEST_STEP][PASSED] - click: Object: 'Object Repository/Page_Centreon - IT  Network Monitor (1)/a_Notification' is clicked on

2018-03-20 15:11:19 - [MESSAGE][PASSED] - Object: 'Object Repository/Page_Centreon - IT  Network Monitor (1)/a_Notification' is clicked on

2018-03-20 15:11:19 - [TEST_STEP][PASSED] - click: Object: 'Object Repository/Page_Centreon - IT  Network Monitor (1)/a_Relations' is clicked on

2018-03-20 15:11:19 - [MESSAGE][PASSED] - Object: 'Object Repository/Page_Centreon - IT  Network Monitor (1)/a_Relations' is clicked on

2018-03-20 15:11:19 - [TEST_STEP][PASSED] - click: Object: 'Object Repository/Page_Centreon - IT  Network Monitor (1)/a_Data Processing' is clicked on

2018-03-20 15:11:20 - [MESSAGE][PASSED] - Object: 'Object Repository/Page_Centreon - IT  Network Monitor (1)/a_Data Processing' is clicked on

2018-03-20 15:11:20 - [TEST_STEP][PASSED] - click: Object: 'Object Repository/Page_Centreon - IT  Network Monitor (1)/a_Host Extended Infos' is clicked on

2018-03-20 15:11:20 - [MESSAGE][PASSED] - Object: 'Object Repository/Page_Centreon - IT  Network Monitor (1)/a_Host Extended Infos' is clicked on

2018-03-20 15:11:20 - [TEST_STEP][PASSED] - click: Object: 'Object Repository/Page_Centreon - IT  Network Monitor (1)/input_submitA' is clicked on

2018-03-20 15:11:21 - [MESSAGE][PASSED] - Object: 'Object Repository/Page_Centreon - IT  Network Monitor (1)/input_submitA' is clicked on

2018-03-20 15:11:21 - [TEST_STEP][PASSED] - Statement - While (count < n): null

2018-03-20 15:11:21 - [TEST_STEP][PASSED] - click: Object: 'Object Repository/Page_Centreon - IT  Network Monitor (1)/a_Configuration' is clicked on

2018-03-20 15:11:21 - [MESSAGE][PASSED] - Object: 'Object Repository/Page_Centreon - IT  Network Monitor (1)/a_Configuration' is clicked on

2018-03-20 15:11:21 - [TEST_STEP][PASSED] - click: Object: 'Object Repository/Page_Centreon - IT  Network Monitor (1)/a_Hosts' is clicked on

2018-03-20 15:11:22 - [MESSAGE][PASSED] - Object: 'Object Repository/Page_Centreon - IT  Network Monitor (1)/a_Hosts' is clicked on

2018-03-20 15:11:22 - [TEST_STEP][PASSED] - click: Object: 'Object Repository/Page_Centreon - IT  Network Monitor (1)/a_Add' is clicked on

2018-03-20 15:11:22 - [MESSAGE][PASSED] - Object: 'Object Repository/Page_Centreon - IT  Network Monitor (1)/a_Add' is clicked on

2018-03-20 15:11:22 - [TEST_STEP][PASSED] - setText: Text '""' is set on object 'Object Repository/Page_Centreon - IT  Network Monitor (1)/input_host_name'

2018-03-20 15:11:22 - [MESSAGE][PASSED] - Text '""' is set on object 'Object Repository/Page_Centreon - IT  Network Monitor (1)/input_host_name'

2018-03-20 15:11:22 - [TEST_STEP][PASSED] - setText: Text 'new_host_katalon' is set on object 'Object Repository/Page_Centreon - IT  Network Monitor (1)/input_host_alias'

2018-03-20 15:11:23 - [MESSAGE][PASSED] - Text 'new_host_katalon' is set on object 'Object Repository/Page_Centreon - IT  Network Monitor (1)/input_host_alias'

2018-03-20 15:11:23 - [TEST_STEP][PASSED] - setText: Text '127.0.0.1' is set on object 'Object Repository/Page_Centreon - IT  Network Monitor (1)/input_host_address'

2018-03-20 15:11:23 - [MESSAGE][PASSED] - Text '127.0.0.1' is set on object 'Object Repository/Page_Centreon - IT  Network Monitor (1)/input_host_address'

2018-03-20 15:11:23 - [TEST_STEP][PASSED] - setText: Text 'public' is set on object 'Object Repository/Page_Centreon - IT  Network Monitor (1)/input_host_snmp_community'

2018-03-20 15:11:23 - [MESSAGE][PASSED] - Text 'public' is set on object 'Object Repository/Page_Centreon - IT  Network Monitor (1)/input_host_snmp_community'

2018-03-20 15:11:23 - [TEST_STEP][PASSED] - selectOptionByValue: All options with value '2c' are selected in object 'Object Repository/Page_Centreon - IT  Network Monitor (1)/select_12c3'  using regular expression

2018-03-20 15:11:23 - [MESSAGE][PASSED] - All options with value '2c' are selected in object 'Object Repository/Page_Centreon - IT  Network Monitor (1)/select_12c3'  using regular expression

2018-03-20 15:11:23 - [TEST_STEP][PASSED] - click: Object: 'Object Repository/Page_Centreon - IT  Network Monitor (1)/a_Notification' is clicked on

2018-03-20 15:11:23 - [MESSAGE][PASSED] - Object: 'Object Repository/Page_Centreon - IT  Network Monitor (1)/a_Notification' is clicked on

2018-03-20 15:11:23 - [TEST_STEP][PASSED] - click: Object: 'Object Repository/Page_Centreon - IT  Network Monitor (1)/a_Relations' is clicked on

2018-03-20 15:11:23 - [MESSAGE][PASSED] - Object: 'Object Repository/Page_Centreon - IT  Network Monitor (1)/a_Relations' is clicked on

2018-03-20 15:11:23 - [TEST_STEP][PASSED] - click: Object: 'Object Repository/Page_Centreon - IT  Network Monitor (1)/a_Data Processing' is clicked on

2018-03-20 15:11:23 - [MESSAGE][PASSED] - Object: 'Object Repository/Page_Centreon - IT  Network Monitor (1)/a_Data Processing' is clicked on

2018-03-20 15:11:23 - [TEST_STEP][PASSED] - click: Object: 'Object Repository/Page_Centreon - IT  Network Monitor (1)/a_Host Extended Infos' is clicked on

2018-03-20 15:11:24 - [MESSAGE][PASSED] - Object: 'Object Repository/Page_Centreon - IT  Network Monitor (1)/a_Host Extended Infos' is clicked on

2018-03-20 15:11:24 - [TEST_STEP][PASSED] - click: Object: 'Object Repository/Page_Centreon - IT  Network Monitor (1)/input_submitA' is clicked on

2018-03-20 15:11:25 - [MESSAGE][PASSED] - Object: 'Object Repository/Page_Centreon - IT  Network Monitor (1)/input_submitA' is clicked on

2018-03-20 15:11:25 - [TEST_STEP][PASSED] - Statement - While (count < n): null]]></system-out>
         <system-err><![CDATA[]]></system-err>
      </testcase>
      <testcase name="Test Cases/Export Config" classname="Test Cases/Export Config" status="PASSED">
         <system-out><![CDATA[2018-03-20 15:11:25 - [TEST_CASE][PASSED] - Test Cases/Export Config: Test Cases/Export Config

2018-03-20 15:11:25 - [TEST_STEP][PASSED] - click: Object: 'Object Repository/Page_Centreon - IT  Network Monitor (1)/a_Pollers' is clicked on

2018-03-20 15:11:25 - [MESSAGE][PASSED] - Object: 'Object Repository/Page_Centreon - IT  Network Monitor (1)/a_Pollers' is clicked on

2018-03-20 15:11:25 - [TEST_STEP][PASSED] - click: Object: 'Object Repository/Page_Centreon - IT  Network Monitor (1)/input_checkall' is clicked on

2018-03-20 15:11:25 - [MESSAGE][PASSED] - Object: 'Object Repository/Page_Centreon - IT  Network Monitor (1)/input_checkall' is clicked on

2018-03-20 15:11:25 - [TEST_STEP][PASSED] - click: Object: 'Object Repository/Page_Centreon - IT  Network Monitor (1)/input_apply_configuration' is clicked on

2018-03-20 15:11:26 - [MESSAGE][PASSED] - Object: 'Object Repository/Page_Centreon - IT  Network Monitor (1)/input_apply_configuration' is clicked on

2018-03-20 15:11:26 - [TEST_STEP][PASSED] - click: Object: 'Object Repository/Page_Centreon - IT  Network Monitor (1)/input_move' is clicked on

2018-03-20 15:11:26 - [MESSAGE][PASSED] - Object: 'Object Repository/Page_Centreon - IT  Network Monitor (1)/input_move' is clicked on

2018-03-20 15:11:26 - [TEST_STEP][PASSED] - click: Object: 'Object Repository/Page_Centreon - IT  Network Monitor (1)/input_restart' is clicked on

2018-03-20 15:11:26 - [MESSAGE][PASSED] - Object: 'Object Repository/Page_Centreon - IT  Network Monitor (1)/input_restart' is clicked on

2018-03-20 15:11:26 - [TEST_STEP][PASSED] - selectOptionByValue: All options with value '2' are selected in object 'Object Repository/Page_Centreon - IT  Network Monitor (1)/select_RestartReload'  using regular expression

2018-03-20 15:11:26 - [MESSAGE][PASSED] - All options with value '2' are selected in object 'Object Repository/Page_Centreon - IT  Network Monitor (1)/select_RestartReload'  using regular expression

2018-03-20 15:11:26 - [TEST_STEP][PASSED] - click: Object: 'Object Repository/Page_Centreon - IT  Network Monitor (1)/input_submit' is clicked on

2018-03-20 15:11:27 - [MESSAGE][PASSED] - Object: 'Object Repository/Page_Centreon - IT  Network Monitor (1)/input_submit' is clicked on]]></system-out>
         <system-err><![CDATA[]]></system-err>
      </testcase>
      <system-out><![CDATA[2018-03-20 15:11:01 - [TEST_SUITE][PASSED] - Hosts: Test Cases/Export Config]]></system-out>
      <system-err><![CDATA[]]></system-err>
   </testsuite>
</testsuites>
