<?xml version="1.0" encoding="UTF-8"?>
<testsuites name="Hosts" time="27" tests="2" failures="0" errors="0">
   <testsuite name="Hosts" tests="2" failures="0" errors="0" time="27" timestamp="2018-03-13 11:44:09" hostname="cgautier - CNTR-PC-A009.int.centreon.com" id="Test Suites/Hosts">
      <properties>
         <property name="deviceName" value=""/>
         <property name="devicePlatform" value=""/>
         <property name="logFolder" value="C:\\Users\\cgautier\\git\\KatalonStudio\\Reports\\Hosts\\20180313_114404"/>
         <property name="logFiles" value="C:\\Users\\cgautier\\git\\KatalonStudio\\Reports\\Hosts\\20180313_114404\\execution0.log"/>
         <property name="attachments" value=""/>
         <property name="hostName" value="cgautier - CNTR-PC-A009.int.centreon.com"/>
         <property name="os" value="Windows 10 64bit"/>
         <property name="katalonVersion" value="5.3.1.1"/>
         <property name="browser" value="Firefox 58.0"/>
         <property name="hostAddress" value="192.168.56.1"/>
         <property name="sessionId" value="598f880d-9a6f-4cf0-8310-294055f47709"/>
         <property name="seleniumVersion" value="3.7.1"/>
         <property name="proxyInformation" value="ProxyInformation{proxyOption=NO_PROXY, proxyServerType=HTTP, password=, proxyServerAddress=, proxyServerPort=0}"/>
         <property name="platform" value="Windows 10"/>
      </properties>
      <testcase name="Test Cases/Basic Login" classname="Test Cases/Basic Login" status="PASSED">
         <system-out><![CDATA[2018-03-13 11:44:10 - [TEST_CASE][PASSED] - Test Cases/Basic Login: Test Cases/Basic Login

2018-03-13 11:44:10 - [TEST_STEP][PASSED] - openBrowser: Browser is opened with url: ''

2018-03-13 11:44:13 - [MESSAGE][PASSED] - Browser is opened with url: ''

2018-03-13 11:44:13 - [TEST_STEP][PASSED] - maximizeWindow: Current window maximized

2018-03-13 11:44:13 - [MESSAGE][PASSED] - Current window maximized

2018-03-13 11:44:13 - [TEST_STEP][PASSED] - navigateToUrl: Navigate to 'http://10.30.2.201' successfully

2018-03-13 11:44:13 - [MESSAGE][PASSED] - Navigate to 'http://10.30.2.201' successfully

2018-03-13 11:44:13 - [TEST_STEP][PASSED] - setText: Text 'admin' is set on object 'Object Repository/Page_Centreon - IT  Network Monitor/input_useralias'

2018-03-13 11:44:13 - [MESSAGE][PASSED] - Text 'admin' is set on object 'Object Repository/Page_Centreon - IT  Network Monitor/input_useralias'

2018-03-13 11:44:13 - [TEST_STEP][PASSED] - setText: Text 'centreon' is set on object 'Object Repository/Page_Centreon - IT  Network Monitor/input_password'

2018-03-13 11:44:13 - [MESSAGE][PASSED] - Text 'centreon' is set on object 'Object Repository/Page_Centreon - IT  Network Monitor/input_password'

2018-03-13 11:44:13 - [TEST_STEP][PASSED] - click: Object: 'Object Repository/Page_Centreon - IT  Network Monitor/input_submitLogin' is clicked on

2018-03-13 11:44:16 - [MESSAGE][PASSED] - Object: 'Object Repository/Page_Centreon - IT  Network Monitor/input_submitLogin' is clicked on

2018-03-13 11:44:16 - [TEST_STEP][PASSED] - waitForPageLoad: Wait for page load successfully

2018-03-13 11:44:16 - [MESSAGE][PASSED] - Wait for page load successfully]]></system-out>
         <system-err><![CDATA[]]></system-err>
      </testcase>
      <testcase name="Test Cases/Host Creation" classname="Test Cases/Host Creation" status="PASSED">
         <system-out><![CDATA[2018-03-13 11:44:16 - [TEST_CASE][PASSED] - Test Cases/Host Creation: Test Cases/Host Creation

2018-03-13 11:44:16 - [TEST_STEP][PASSED] - Statement - n = <not implemented yet for class: org.codehaus.groovy.ast.expr.EmptyExpression>: null

2018-03-13 11:44:16 - [TEST_STEP][PASSED] - Statement - count = 0: null

2018-03-13 11:44:16 - [TEST_STEP][PASSED] - Statement - For ([i = 0, i < 5, (i++)]): null

2018-03-13 11:44:16 - [TEST_STEP][PASSED] - click: Object: 'Object Repository/Page_Centreon - IT  Network Monitor (1)/a_Configuration' is clicked on

2018-03-13 11:44:16 - [MESSAGE][PASSED] - Object: 'Object Repository/Page_Centreon - IT  Network Monitor (1)/a_Configuration' is clicked on

2018-03-13 11:44:16 - [TEST_STEP][PASSED] - click: Object: 'Object Repository/Page_Centreon - IT  Network Monitor (1)/a_Hosts' is clicked on

2018-03-13 11:44:17 - [MESSAGE][PASSED] - Object: 'Object Repository/Page_Centreon - IT  Network Monitor (1)/a_Hosts' is clicked on

2018-03-13 11:44:17 - [TEST_STEP][PASSED] - click: Object: 'Object Repository/Page_Centreon - IT  Network Monitor (1)/a_Add' is clicked on

2018-03-13 11:44:18 - [MESSAGE][PASSED] - Object: 'Object Repository/Page_Centreon - IT  Network Monitor (1)/a_Add' is clicked on

2018-03-13 11:44:18 - [TEST_STEP][PASSED] - setText: Text '""' is set on object 'Object Repository/Page_Centreon - IT  Network Monitor (1)/input_host_name'

2018-03-13 11:44:18 - [MESSAGE][PASSED] - Text '""' is set on object 'Object Repository/Page_Centreon - IT  Network Monitor (1)/input_host_name'

2018-03-13 11:44:18 - [TEST_STEP][PASSED] - setText: Text 'new_host_katalon' is set on object 'Object Repository/Page_Centreon - IT  Network Monitor (1)/input_host_alias'

2018-03-13 11:44:18 - [MESSAGE][PASSED] - Text 'new_host_katalon' is set on object 'Object Repository/Page_Centreon - IT  Network Monitor (1)/input_host_alias'

2018-03-13 11:44:18 - [TEST_STEP][PASSED] - setText: Text '127.0.0.1' is set on object 'Object Repository/Page_Centreon - IT  Network Monitor (1)/input_host_address'

2018-03-13 11:44:18 - [MESSAGE][PASSED] - Text '127.0.0.1' is set on object 'Object Repository/Page_Centreon - IT  Network Monitor (1)/input_host_address'

2018-03-13 11:44:18 - [TEST_STEP][PASSED] - setText: Text 'public' is set on object 'Object Repository/Page_Centreon - IT  Network Monitor (1)/input_host_snmp_community'

2018-03-13 11:44:18 - [MESSAGE][PASSED] - Text 'public' is set on object 'Object Repository/Page_Centreon - IT  Network Monitor (1)/input_host_snmp_community'

2018-03-13 11:44:18 - [TEST_STEP][PASSED] - selectOptionByValue: All options with value '2c' are selected in object 'Object Repository/Page_Centreon - IT  Network Monitor (1)/select_12c3'  using regular expression

2018-03-13 11:44:18 - [MESSAGE][PASSED] - All options with value '2c' are selected in object 'Object Repository/Page_Centreon - IT  Network Monitor (1)/select_12c3'  using regular expression

2018-03-13 11:44:18 - [TEST_STEP][PASSED] - click: Object: 'Object Repository/Page_Centreon - IT  Network Monitor (1)/a_Notification' is clicked on

2018-03-13 11:44:18 - [MESSAGE][PASSED] - Object: 'Object Repository/Page_Centreon - IT  Network Monitor (1)/a_Notification' is clicked on

2018-03-13 11:44:18 - [TEST_STEP][PASSED] - click: Object: 'Object Repository/Page_Centreon - IT  Network Monitor (1)/a_Relations' is clicked on

2018-03-13 11:44:18 - [MESSAGE][PASSED] - Object: 'Object Repository/Page_Centreon - IT  Network Monitor (1)/a_Relations' is clicked on

2018-03-13 11:44:18 - [TEST_STEP][PASSED] - click: Object: 'Object Repository/Page_Centreon - IT  Network Monitor (1)/a_Data Processing' is clicked on

2018-03-13 11:44:19 - [MESSAGE][PASSED] - Object: 'Object Repository/Page_Centreon - IT  Network Monitor (1)/a_Data Processing' is clicked on

2018-03-13 11:44:19 - [TEST_STEP][PASSED] - click: Object: 'Object Repository/Page_Centreon - IT  Network Monitor (1)/a_Host Extended Infos' is clicked on

2018-03-13 11:44:19 - [MESSAGE][PASSED] - Object: 'Object Repository/Page_Centreon - IT  Network Monitor (1)/a_Host Extended Infos' is clicked on

2018-03-13 11:44:19 - [TEST_STEP][PASSED] - click: Object: 'Object Repository/Page_Centreon - IT  Network Monitor (1)/input_submitA' is clicked on

2018-03-13 11:44:20 - [MESSAGE][PASSED] - Object: 'Object Repository/Page_Centreon - IT  Network Monitor (1)/input_submitA' is clicked on

2018-03-13 11:44:20 - [TEST_STEP][PASSED] - Statement - While (count < n): null

2018-03-13 11:44:20 - [TEST_STEP][PASSED] - click: Object: 'Object Repository/Page_Centreon - IT  Network Monitor (1)/a_Configuration' is clicked on

2018-03-13 11:44:20 - [MESSAGE][PASSED] - Object: 'Object Repository/Page_Centreon - IT  Network Monitor (1)/a_Configuration' is clicked on

2018-03-13 11:44:20 - [TEST_STEP][PASSED] - click: Object: 'Object Repository/Page_Centreon - IT  Network Monitor (1)/a_Hosts' is clicked on

2018-03-13 11:44:20 - [MESSAGE][PASSED] - Object: 'Object Repository/Page_Centreon - IT  Network Monitor (1)/a_Hosts' is clicked on

2018-03-13 11:44:20 - [TEST_STEP][PASSED] - click: Object: 'Object Repository/Page_Centreon - IT  Network Monitor (1)/a_Add' is clicked on

2018-03-13 11:44:21 - [MESSAGE][PASSED] - Object: 'Object Repository/Page_Centreon - IT  Network Monitor (1)/a_Add' is clicked on

2018-03-13 11:44:21 - [TEST_STEP][PASSED] - setText: Text '""' is set on object 'Object Repository/Page_Centreon - IT  Network Monitor (1)/input_host_name'

2018-03-13 11:44:21 - [MESSAGE][PASSED] - Text '""' is set on object 'Object Repository/Page_Centreon - IT  Network Monitor (1)/input_host_name'

2018-03-13 11:44:21 - [TEST_STEP][PASSED] - setText: Text 'new_host_katalon' is set on object 'Object Repository/Page_Centreon - IT  Network Monitor (1)/input_host_alias'

2018-03-13 11:44:21 - [MESSAGE][PASSED] - Text 'new_host_katalon' is set on object 'Object Repository/Page_Centreon - IT  Network Monitor (1)/input_host_alias'

2018-03-13 11:44:21 - [TEST_STEP][PASSED] - setText: Text '127.0.0.1' is set on object 'Object Repository/Page_Centreon - IT  Network Monitor (1)/input_host_address'

2018-03-13 11:44:22 - [MESSAGE][PASSED] - Text '127.0.0.1' is set on object 'Object Repository/Page_Centreon - IT  Network Monitor (1)/input_host_address'

2018-03-13 11:44:22 - [TEST_STEP][PASSED] - setText: Text 'public' is set on object 'Object Repository/Page_Centreon - IT  Network Monitor (1)/input_host_snmp_community'

2018-03-13 11:44:22 - [MESSAGE][PASSED] - Text 'public' is set on object 'Object Repository/Page_Centreon - IT  Network Monitor (1)/input_host_snmp_community'

2018-03-13 11:44:22 - [TEST_STEP][PASSED] - selectOptionByValue: All options with value '2c' are selected in object 'Object Repository/Page_Centreon - IT  Network Monitor (1)/select_12c3'  using regular expression

2018-03-13 11:44:22 - [MESSAGE][PASSED] - All options with value '2c' are selected in object 'Object Repository/Page_Centreon - IT  Network Monitor (1)/select_12c3'  using regular expression

2018-03-13 11:44:22 - [TEST_STEP][PASSED] - click: Object: 'Object Repository/Page_Centreon - IT  Network Monitor (1)/a_Notification' is clicked on

2018-03-13 11:44:22 - [MESSAGE][PASSED] - Object: 'Object Repository/Page_Centreon - IT  Network Monitor (1)/a_Notification' is clicked on

2018-03-13 11:44:22 - [TEST_STEP][PASSED] - click: Object: 'Object Repository/Page_Centreon - IT  Network Monitor (1)/a_Relations' is clicked on

2018-03-13 11:44:22 - [MESSAGE][PASSED] - Object: 'Object Repository/Page_Centreon - IT  Network Monitor (1)/a_Relations' is clicked on

2018-03-13 11:44:22 - [TEST_STEP][PASSED] - click: Object: 'Object Repository/Page_Centreon - IT  Network Monitor (1)/a_Data Processing' is clicked on

2018-03-13 11:44:22 - [MESSAGE][PASSED] - Object: 'Object Repository/Page_Centreon - IT  Network Monitor (1)/a_Data Processing' is clicked on

2018-03-13 11:44:22 - [TEST_STEP][PASSED] - click: Object: 'Object Repository/Page_Centreon - IT  Network Monitor (1)/a_Host Extended Infos' is clicked on

2018-03-13 11:44:23 - [MESSAGE][PASSED] - Object: 'Object Repository/Page_Centreon - IT  Network Monitor (1)/a_Host Extended Infos' is clicked on

2018-03-13 11:44:23 - [TEST_STEP][PASSED] - click: Object: 'Object Repository/Page_Centreon - IT  Network Monitor (1)/input_submitA' is clicked on

2018-03-13 11:44:24 - [MESSAGE][PASSED] - Object: 'Object Repository/Page_Centreon - IT  Network Monitor (1)/input_submitA' is clicked on

2018-03-13 11:44:24 - [TEST_STEP][PASSED] - Statement - While (count < n): null

2018-03-13 11:44:24 - [TEST_STEP][PASSED] - click: Object: 'Object Repository/Page_Centreon - IT  Network Monitor (1)/a_Configuration' is clicked on

2018-03-13 11:44:24 - [MESSAGE][PASSED] - Object: 'Object Repository/Page_Centreon - IT  Network Monitor (1)/a_Configuration' is clicked on

2018-03-13 11:44:24 - [TEST_STEP][PASSED] - click: Object: 'Object Repository/Page_Centreon - IT  Network Monitor (1)/a_Hosts' is clicked on

2018-03-13 11:44:24 - [MESSAGE][PASSED] - Object: 'Object Repository/Page_Centreon - IT  Network Monitor (1)/a_Hosts' is clicked on

2018-03-13 11:44:24 - [TEST_STEP][PASSED] - click: Object: 'Object Repository/Page_Centreon - IT  Network Monitor (1)/a_Add' is clicked on

2018-03-13 11:44:25 - [MESSAGE][PASSED] - Object: 'Object Repository/Page_Centreon - IT  Network Monitor (1)/a_Add' is clicked on

2018-03-13 11:44:25 - [TEST_STEP][PASSED] - setText: Text '""' is set on object 'Object Repository/Page_Centreon - IT  Network Monitor (1)/input_host_name'

2018-03-13 11:44:25 - [MESSAGE][PASSED] - Text '""' is set on object 'Object Repository/Page_Centreon - IT  Network Monitor (1)/input_host_name'

2018-03-13 11:44:25 - [TEST_STEP][PASSED] - setText: Text 'new_host_katalon' is set on object 'Object Repository/Page_Centreon - IT  Network Monitor (1)/input_host_alias'

2018-03-13 11:44:25 - [MESSAGE][PASSED] - Text 'new_host_katalon' is set on object 'Object Repository/Page_Centreon - IT  Network Monitor (1)/input_host_alias'

2018-03-13 11:44:25 - [TEST_STEP][PASSED] - setText: Text '127.0.0.1' is set on object 'Object Repository/Page_Centreon - IT  Network Monitor (1)/input_host_address'

2018-03-13 11:44:25 - [MESSAGE][PASSED] - Text '127.0.0.1' is set on object 'Object Repository/Page_Centreon - IT  Network Monitor (1)/input_host_address'

2018-03-13 11:44:25 - [TEST_STEP][PASSED] - setText: Text 'public' is set on object 'Object Repository/Page_Centreon - IT  Network Monitor (1)/input_host_snmp_community'

2018-03-13 11:44:25 - [MESSAGE][PASSED] - Text 'public' is set on object 'Object Repository/Page_Centreon - IT  Network Monitor (1)/input_host_snmp_community'

2018-03-13 11:44:25 - [TEST_STEP][PASSED] - selectOptionByValue: All options with value '2c' are selected in object 'Object Repository/Page_Centreon - IT  Network Monitor (1)/select_12c3'  using regular expression

2018-03-13 11:44:26 - [MESSAGE][PASSED] - All options with value '2c' are selected in object 'Object Repository/Page_Centreon - IT  Network Monitor (1)/select_12c3'  using regular expression

2018-03-13 11:44:26 - [TEST_STEP][PASSED] - click: Object: 'Object Repository/Page_Centreon - IT  Network Monitor (1)/a_Notification' is clicked on

2018-03-13 11:44:26 - [MESSAGE][PASSED] - Object: 'Object Repository/Page_Centreon - IT  Network Monitor (1)/a_Notification' is clicked on

2018-03-13 11:44:26 - [TEST_STEP][PASSED] - click: Object: 'Object Repository/Page_Centreon - IT  Network Monitor (1)/a_Relations' is clicked on

2018-03-13 11:44:26 - [MESSAGE][PASSED] - Object: 'Object Repository/Page_Centreon - IT  Network Monitor (1)/a_Relations' is clicked on

2018-03-13 11:44:26 - [TEST_STEP][PASSED] - click: Object: 'Object Repository/Page_Centreon - IT  Network Monitor (1)/a_Data Processing' is clicked on

2018-03-13 11:44:26 - [MESSAGE][PASSED] - Object: 'Object Repository/Page_Centreon - IT  Network Monitor (1)/a_Data Processing' is clicked on

2018-03-13 11:44:26 - [TEST_STEP][PASSED] - click: Object: 'Object Repository/Page_Centreon - IT  Network Monitor (1)/a_Host Extended Infos' is clicked on

2018-03-13 11:44:26 - [MESSAGE][PASSED] - Object: 'Object Repository/Page_Centreon - IT  Network Monitor (1)/a_Host Extended Infos' is clicked on

2018-03-13 11:44:26 - [TEST_STEP][PASSED] - click: Object: 'Object Repository/Page_Centreon - IT  Network Monitor (1)/input_submitA' is clicked on

2018-03-13 11:44:27 - [MESSAGE][PASSED] - Object: 'Object Repository/Page_Centreon - IT  Network Monitor (1)/input_submitA' is clicked on

2018-03-13 11:44:27 - [TEST_STEP][PASSED] - Statement - While (count < n): null

2018-03-13 11:44:27 - [TEST_STEP][PASSED] - click: Object: 'Object Repository/Page_Centreon - IT  Network Monitor (1)/a_Configuration' is clicked on

2018-03-13 11:44:27 - [MESSAGE][PASSED] - Object: 'Object Repository/Page_Centreon - IT  Network Monitor (1)/a_Configuration' is clicked on

2018-03-13 11:44:27 - [TEST_STEP][PASSED] - click: Object: 'Object Repository/Page_Centreon - IT  Network Monitor (1)/a_Hosts' is clicked on

2018-03-13 11:44:28 - [MESSAGE][PASSED] - Object: 'Object Repository/Page_Centreon - IT  Network Monitor (1)/a_Hosts' is clicked on

2018-03-13 11:44:28 - [TEST_STEP][PASSED] - click: Object: 'Object Repository/Page_Centreon - IT  Network Monitor (1)/a_Add' is clicked on

2018-03-13 11:44:29 - [MESSAGE][PASSED] - Object: 'Object Repository/Page_Centreon - IT  Network Monitor (1)/a_Add' is clicked on

2018-03-13 11:44:29 - [TEST_STEP][PASSED] - setText: Text '""' is set on object 'Object Repository/Page_Centreon - IT  Network Monitor (1)/input_host_name'

2018-03-13 11:44:29 - [MESSAGE][PASSED] - Text '""' is set on object 'Object Repository/Page_Centreon - IT  Network Monitor (1)/input_host_name'

2018-03-13 11:44:29 - [TEST_STEP][PASSED] - setText: Text 'new_host_katalon' is set on object 'Object Repository/Page_Centreon - IT  Network Monitor (1)/input_host_alias'

2018-03-13 11:44:29 - [MESSAGE][PASSED] - Text 'new_host_katalon' is set on object 'Object Repository/Page_Centreon - IT  Network Monitor (1)/input_host_alias'

2018-03-13 11:44:29 - [TEST_STEP][PASSED] - setText: Text '127.0.0.1' is set on object 'Object Repository/Page_Centreon - IT  Network Monitor (1)/input_host_address'

2018-03-13 11:44:29 - [MESSAGE][PASSED] - Text '127.0.0.1' is set on object 'Object Repository/Page_Centreon - IT  Network Monitor (1)/input_host_address'

2018-03-13 11:44:29 - [TEST_STEP][PASSED] - setText: Text 'public' is set on object 'Object Repository/Page_Centreon - IT  Network Monitor (1)/input_host_snmp_community'

2018-03-13 11:44:29 - [MESSAGE][PASSED] - Text 'public' is set on object 'Object Repository/Page_Centreon - IT  Network Monitor (1)/input_host_snmp_community'

2018-03-13 11:44:29 - [TEST_STEP][PASSED] - selectOptionByValue: All options with value '2c' are selected in object 'Object Repository/Page_Centreon - IT  Network Monitor (1)/select_12c3'  using regular expression

2018-03-13 11:44:30 - [MESSAGE][PASSED] - All options with value '2c' are selected in object 'Object Repository/Page_Centreon - IT  Network Monitor (1)/select_12c3'  using regular expression

2018-03-13 11:44:30 - [TEST_STEP][PASSED] - click: Object: 'Object Repository/Page_Centreon - IT  Network Monitor (1)/a_Notification' is clicked on

2018-03-13 11:44:30 - [MESSAGE][PASSED] - Object: 'Object Repository/Page_Centreon - IT  Network Monitor (1)/a_Notification' is clicked on

2018-03-13 11:44:30 - [TEST_STEP][PASSED] - click: Object: 'Object Repository/Page_Centreon - IT  Network Monitor (1)/a_Relations' is clicked on

2018-03-13 11:44:30 - [MESSAGE][PASSED] - Object: 'Object Repository/Page_Centreon - IT  Network Monitor (1)/a_Relations' is clicked on

2018-03-13 11:44:30 - [TEST_STEP][PASSED] - click: Object: 'Object Repository/Page_Centreon - IT  Network Monitor (1)/a_Data Processing' is clicked on

2018-03-13 11:44:30 - [MESSAGE][PASSED] - Object: 'Object Repository/Page_Centreon - IT  Network Monitor (1)/a_Data Processing' is clicked on

2018-03-13 11:44:30 - [TEST_STEP][PASSED] - click: Object: 'Object Repository/Page_Centreon - IT  Network Monitor (1)/a_Host Extended Infos' is clicked on

2018-03-13 11:44:31 - [MESSAGE][PASSED] - Object: 'Object Repository/Page_Centreon - IT  Network Monitor (1)/a_Host Extended Infos' is clicked on

2018-03-13 11:44:31 - [TEST_STEP][PASSED] - click: Object: 'Object Repository/Page_Centreon - IT  Network Monitor (1)/input_submitA' is clicked on

2018-03-13 11:44:32 - [MESSAGE][PASSED] - Object: 'Object Repository/Page_Centreon - IT  Network Monitor (1)/input_submitA' is clicked on

2018-03-13 11:44:32 - [TEST_STEP][PASSED] - Statement - While (count < n): null

2018-03-13 11:44:32 - [TEST_STEP][PASSED] - click: Object: 'Object Repository/Page_Centreon - IT  Network Monitor (1)/a_Configuration' is clicked on

2018-03-13 11:44:32 - [MESSAGE][PASSED] - Object: 'Object Repository/Page_Centreon - IT  Network Monitor (1)/a_Configuration' is clicked on

2018-03-13 11:44:32 - [TEST_STEP][PASSED] - click: Object: 'Object Repository/Page_Centreon - IT  Network Monitor (1)/a_Hosts' is clicked on

2018-03-13 11:44:33 - [MESSAGE][PASSED] - Object: 'Object Repository/Page_Centreon - IT  Network Monitor (1)/a_Hosts' is clicked on

2018-03-13 11:44:33 - [TEST_STEP][PASSED] - click: Object: 'Object Repository/Page_Centreon - IT  Network Monitor (1)/a_Add' is clicked on

2018-03-13 11:44:34 - [MESSAGE][PASSED] - Object: 'Object Repository/Page_Centreon - IT  Network Monitor (1)/a_Add' is clicked on

2018-03-13 11:44:34 - [TEST_STEP][PASSED] - setText: Text '""' is set on object 'Object Repository/Page_Centreon - IT  Network Monitor (1)/input_host_name'

2018-03-13 11:44:34 - [MESSAGE][PASSED] - Text '""' is set on object 'Object Repository/Page_Centreon - IT  Network Monitor (1)/input_host_name'

2018-03-13 11:44:34 - [TEST_STEP][PASSED] - setText: Text 'new_host_katalon' is set on object 'Object Repository/Page_Centreon - IT  Network Monitor (1)/input_host_alias'

2018-03-13 11:44:34 - [MESSAGE][PASSED] - Text 'new_host_katalon' is set on object 'Object Repository/Page_Centreon - IT  Network Monitor (1)/input_host_alias'

2018-03-13 11:44:34 - [TEST_STEP][PASSED] - setText: Text '127.0.0.1' is set on object 'Object Repository/Page_Centreon - IT  Network Monitor (1)/input_host_address'

2018-03-13 11:44:34 - [MESSAGE][PASSED] - Text '127.0.0.1' is set on object 'Object Repository/Page_Centreon - IT  Network Monitor (1)/input_host_address'

2018-03-13 11:44:34 - [TEST_STEP][PASSED] - setText: Text 'public' is set on object 'Object Repository/Page_Centreon - IT  Network Monitor (1)/input_host_snmp_community'

2018-03-13 11:44:34 - [MESSAGE][PASSED] - Text 'public' is set on object 'Object Repository/Page_Centreon - IT  Network Monitor (1)/input_host_snmp_community'

2018-03-13 11:44:34 - [TEST_STEP][PASSED] - selectOptionByValue: All options with value '2c' are selected in object 'Object Repository/Page_Centreon - IT  Network Monitor (1)/select_12c3'  using regular expression

2018-03-13 11:44:34 - [MESSAGE][PASSED] - All options with value '2c' are selected in object 'Object Repository/Page_Centreon - IT  Network Monitor (1)/select_12c3'  using regular expression

2018-03-13 11:44:34 - [TEST_STEP][PASSED] - click: Object: 'Object Repository/Page_Centreon - IT  Network Monitor (1)/a_Notification' is clicked on

2018-03-13 11:44:35 - [MESSAGE][PASSED] - Object: 'Object Repository/Page_Centreon - IT  Network Monitor (1)/a_Notification' is clicked on

2018-03-13 11:44:35 - [TEST_STEP][PASSED] - click: Object: 'Object Repository/Page_Centreon - IT  Network Monitor (1)/a_Relations' is clicked on

2018-03-13 11:44:35 - [MESSAGE][PASSED] - Object: 'Object Repository/Page_Centreon - IT  Network Monitor (1)/a_Relations' is clicked on

2018-03-13 11:44:35 - [TEST_STEP][PASSED] - click: Object: 'Object Repository/Page_Centreon - IT  Network Monitor (1)/a_Data Processing' is clicked on

2018-03-13 11:44:35 - [MESSAGE][PASSED] - Object: 'Object Repository/Page_Centreon - IT  Network Monitor (1)/a_Data Processing' is clicked on

2018-03-13 11:44:35 - [TEST_STEP][PASSED] - click: Object: 'Object Repository/Page_Centreon - IT  Network Monitor (1)/a_Host Extended Infos' is clicked on

2018-03-13 11:44:35 - [MESSAGE][PASSED] - Object: 'Object Repository/Page_Centreon - IT  Network Monitor (1)/a_Host Extended Infos' is clicked on

2018-03-13 11:44:35 - [TEST_STEP][PASSED] - click: Object: 'Object Repository/Page_Centreon - IT  Network Monitor (1)/input_submitA' is clicked on

2018-03-13 11:44:37 - [MESSAGE][PASSED] - Object: 'Object Repository/Page_Centreon - IT  Network Monitor (1)/input_submitA' is clicked on

2018-03-13 11:44:37 - [TEST_STEP][PASSED] - Statement - While (count < n): null]]></system-out>
         <system-err><![CDATA[]]></system-err>
      </testcase>
      <system-out><![CDATA[2018-03-13 11:44:09 - [TEST_SUITE][PASSED] - Hosts: Test Cases/Host Creation]]></system-out>
      <system-err><![CDATA[]]></system-err>
   </testsuite>
</testsuites>
