<?xml version="1.0" encoding="UTF-8"?>
<testsuites name="Hosts" time="22" tests="2" failures="0" errors="0">
   <testsuite name="Hosts" tests="2" failures="0" errors="0" time="22" timestamp="2018-03-20 14:14:05" hostname="cgautier - CNTR-PC-A009.int.centreon.com" id="Test Suites/Hosts">
      <properties>
         <property name="deviceName" value=""/>
         <property name="devicePlatform" value=""/>
         <property name="logFolder" value="C:\\Users\\cgautier\\git\\KatalonStudio\\Reports\\Hosts\\20180320_141400"/>
         <property name="logFiles" value="C:\\Users\\cgautier\\git\\KatalonStudio\\Reports\\Hosts\\20180320_141400\\execution0.log"/>
         <property name="attachments" value=""/>
         <property name="hostName" value="cgautier - CNTR-PC-A009.int.centreon.com"/>
         <property name="os" value="Windows 10 64bit"/>
         <property name="katalonVersion" value="5.3.1.1"/>
         <property name="browser" value="Chrome 65.0.3325.162"/>
         <property name="hostAddress" value="192.168.56.1"/>
         <property name="sessionId" value="9dec9ae135990c526b2d1e55fa85caf6"/>
         <property name="seleniumVersion" value="3.7.1"/>
         <property name="proxyInformation" value="ProxyInformation{proxyOption=NO_PROXY, proxyServerType=HTTP, password=, proxyServerAddress=, proxyServerPort=0}"/>
         <property name="platform" value="Windows 10"/>
      </properties>
      <testcase name="Test Cases/Basic Login" classname="Test Cases/Basic Login" status="PASSED">
         <system-out><![CDATA[2018-03-20 14:14:05 - [TEST_CASE][PASSED] - Test Cases/Basic Login: Test Cases/Basic Login

2018-03-20 14:14:06 - [TEST_STEP][PASSED] - openBrowser: Browser is opened with url: ''

2018-03-20 14:14:08 - [MESSAGE][PASSED] - Browser is opened with url: ''

2018-03-20 14:14:08 - [TEST_STEP][PASSED] - maximizeWindow: Current window maximized

2018-03-20 14:14:09 - [MESSAGE][PASSED] - Current window maximized

2018-03-20 14:14:09 - [TEST_STEP][PASSED] - navigateToUrl: Navigate to 'http://10.30.2.201' successfully

2018-03-20 14:14:10 - [MESSAGE][PASSED] - Navigate to 'http://10.30.2.201' successfully

2018-03-20 14:14:10 - [TEST_STEP][PASSED] - setText: Text 'admin' is set on object 'Object Repository/Page_Centreon - IT  Network Monitor/input_useralias'

2018-03-20 14:14:10 - [MESSAGE][PASSED] - Text 'admin' is set on object 'Object Repository/Page_Centreon - IT  Network Monitor/input_useralias'

2018-03-20 14:14:10 - [TEST_STEP][PASSED] - setText: Text 'centreon' is set on object 'Object Repository/Page_Centreon - IT  Network Monitor/input_password'

2018-03-20 14:14:10 - [MESSAGE][PASSED] - Text 'centreon' is set on object 'Object Repository/Page_Centreon - IT  Network Monitor/input_password'

2018-03-20 14:14:10 - [TEST_STEP][PASSED] - click: Object: 'Object Repository/Page_Centreon - IT  Network Monitor/input_submitLogin' is clicked on

2018-03-20 14:14:11 - [MESSAGE][PASSED] - Object: 'Object Repository/Page_Centreon - IT  Network Monitor/input_submitLogin' is clicked on

2018-03-20 14:14:11 - [TEST_STEP][PASSED] - waitForPageLoad: Wait for page load successfully

2018-03-20 14:14:11 - [MESSAGE][PASSED] - Wait for page load successfully]]></system-out>
         <system-err><![CDATA[]]></system-err>
      </testcase>
      <testcase name="Test Cases/Host Creation" classname="Test Cases/Host Creation" status="PASSED">
         <system-out><![CDATA[2018-03-20 14:14:11 - [TEST_CASE][PASSED] - Test Cases/Host Creation: Test Cases/Host Creation

2018-03-20 14:14:11 - [TEST_STEP][PASSED] - Statement - n = <not implemented yet for class: org.codehaus.groovy.ast.expr.EmptyExpression>: null

2018-03-20 14:14:11 - [TEST_STEP][PASSED] - Statement - count = 0: null

2018-03-20 14:14:11 - [TEST_STEP][PASSED] - Statement - For ([i = 0, i < 5, (i++)]): null

2018-03-20 14:14:11 - [TEST_STEP][PASSED] - click: Object: 'Object Repository/Page_Centreon - IT  Network Monitor (1)/a_Configuration' is clicked on

2018-03-20 14:14:11 - [MESSAGE][PASSED] - Object: 'Object Repository/Page_Centreon - IT  Network Monitor (1)/a_Configuration' is clicked on

2018-03-20 14:14:11 - [TEST_STEP][PASSED] - click: Object: 'Object Repository/Page_Centreon - IT  Network Monitor (1)/a_Hosts' is clicked on

2018-03-20 14:14:12 - [MESSAGE][PASSED] - Object: 'Object Repository/Page_Centreon - IT  Network Monitor (1)/a_Hosts' is clicked on

2018-03-20 14:14:12 - [TEST_STEP][PASSED] - click: Object: 'Object Repository/Page_Centreon - IT  Network Monitor (1)/a_Add' is clicked on

2018-03-20 14:14:13 - [MESSAGE][PASSED] - Object: 'Object Repository/Page_Centreon - IT  Network Monitor (1)/a_Add' is clicked on

2018-03-20 14:14:13 - [TEST_STEP][PASSED] - setText: Text '""' is set on object 'Object Repository/Page_Centreon - IT  Network Monitor (1)/input_host_name'

2018-03-20 14:14:13 - [MESSAGE][PASSED] - Text '""' is set on object 'Object Repository/Page_Centreon - IT  Network Monitor (1)/input_host_name'

2018-03-20 14:14:13 - [TEST_STEP][PASSED] - setText: Text 'new_host_katalon' is set on object 'Object Repository/Page_Centreon - IT  Network Monitor (1)/input_host_alias'

2018-03-20 14:14:13 - [MESSAGE][PASSED] - Text 'new_host_katalon' is set on object 'Object Repository/Page_Centreon - IT  Network Monitor (1)/input_host_alias'

2018-03-20 14:14:13 - [TEST_STEP][PASSED] - setText: Text '127.0.0.1' is set on object 'Object Repository/Page_Centreon - IT  Network Monitor (1)/input_host_address'

2018-03-20 14:14:13 - [MESSAGE][PASSED] - Text '127.0.0.1' is set on object 'Object Repository/Page_Centreon - IT  Network Monitor (1)/input_host_address'

2018-03-20 14:14:13 - [TEST_STEP][PASSED] - setText: Text 'public' is set on object 'Object Repository/Page_Centreon - IT  Network Monitor (1)/input_host_snmp_community'

2018-03-20 14:14:13 - [MESSAGE][PASSED] - Text 'public' is set on object 'Object Repository/Page_Centreon - IT  Network Monitor (1)/input_host_snmp_community'

2018-03-20 14:14:13 - [TEST_STEP][PASSED] - selectOptionByValue: All options with value '2c' are selected in object 'Object Repository/Page_Centreon - IT  Network Monitor (1)/select_12c3'  using regular expression

2018-03-20 14:14:13 - [MESSAGE][PASSED] - All options with value '2c' are selected in object 'Object Repository/Page_Centreon - IT  Network Monitor (1)/select_12c3'  using regular expression

2018-03-20 14:14:13 - [TEST_STEP][PASSED] - click: Object: 'Object Repository/Page_Centreon - IT  Network Monitor (1)/a_Notification' is clicked on

2018-03-20 14:14:14 - [MESSAGE][PASSED] - Object: 'Object Repository/Page_Centreon - IT  Network Monitor (1)/a_Notification' is clicked on

2018-03-20 14:14:14 - [TEST_STEP][PASSED] - click: Object: 'Object Repository/Page_Centreon - IT  Network Monitor (1)/a_Relations' is clicked on

2018-03-20 14:14:14 - [MESSAGE][PASSED] - Object: 'Object Repository/Page_Centreon - IT  Network Monitor (1)/a_Relations' is clicked on

2018-03-20 14:14:14 - [TEST_STEP][PASSED] - click: Object: 'Object Repository/Page_Centreon - IT  Network Monitor (1)/a_Data Processing' is clicked on

2018-03-20 14:14:14 - [MESSAGE][PASSED] - Object: 'Object Repository/Page_Centreon - IT  Network Monitor (1)/a_Data Processing' is clicked on

2018-03-20 14:14:14 - [TEST_STEP][PASSED] - click: Object: 'Object Repository/Page_Centreon - IT  Network Monitor (1)/a_Host Extended Infos' is clicked on

2018-03-20 14:14:14 - [MESSAGE][PASSED] - Object: 'Object Repository/Page_Centreon - IT  Network Monitor (1)/a_Host Extended Infos' is clicked on

2018-03-20 14:14:14 - [TEST_STEP][PASSED] - click: Object: 'Object Repository/Page_Centreon - IT  Network Monitor (1)/input_submitA' is clicked on

2018-03-20 14:14:15 - [MESSAGE][PASSED] - Object: 'Object Repository/Page_Centreon - IT  Network Monitor (1)/input_submitA' is clicked on

2018-03-20 14:14:15 - [TEST_STEP][PASSED] - Statement - While (count < n): null

2018-03-20 14:14:15 - [TEST_STEP][PASSED] - click: Object: 'Object Repository/Page_Centreon - IT  Network Monitor (1)/a_Configuration' is clicked on

2018-03-20 14:14:15 - [MESSAGE][PASSED] - Object: 'Object Repository/Page_Centreon - IT  Network Monitor (1)/a_Configuration' is clicked on

2018-03-20 14:14:15 - [TEST_STEP][PASSED] - click: Object: 'Object Repository/Page_Centreon - IT  Network Monitor (1)/a_Hosts' is clicked on

2018-03-20 14:14:15 - [MESSAGE][PASSED] - Object: 'Object Repository/Page_Centreon - IT  Network Monitor (1)/a_Hosts' is clicked on

2018-03-20 14:14:15 - [TEST_STEP][PASSED] - click: Object: 'Object Repository/Page_Centreon - IT  Network Monitor (1)/a_Add' is clicked on

2018-03-20 14:14:16 - [MESSAGE][PASSED] - Object: 'Object Repository/Page_Centreon - IT  Network Monitor (1)/a_Add' is clicked on

2018-03-20 14:14:16 - [TEST_STEP][PASSED] - setText: Text '""' is set on object 'Object Repository/Page_Centreon - IT  Network Monitor (1)/input_host_name'

2018-03-20 14:14:16 - [MESSAGE][PASSED] - Text '""' is set on object 'Object Repository/Page_Centreon - IT  Network Monitor (1)/input_host_name'

2018-03-20 14:14:16 - [TEST_STEP][PASSED] - setText: Text 'new_host_katalon' is set on object 'Object Repository/Page_Centreon - IT  Network Monitor (1)/input_host_alias'

2018-03-20 14:14:16 - [MESSAGE][PASSED] - Text 'new_host_katalon' is set on object 'Object Repository/Page_Centreon - IT  Network Monitor (1)/input_host_alias'

2018-03-20 14:14:16 - [TEST_STEP][PASSED] - setText: Text '127.0.0.1' is set on object 'Object Repository/Page_Centreon - IT  Network Monitor (1)/input_host_address'

2018-03-20 14:14:17 - [MESSAGE][PASSED] - Text '127.0.0.1' is set on object 'Object Repository/Page_Centreon - IT  Network Monitor (1)/input_host_address'

2018-03-20 14:14:17 - [TEST_STEP][PASSED] - setText: Text 'public' is set on object 'Object Repository/Page_Centreon - IT  Network Monitor (1)/input_host_snmp_community'

2018-03-20 14:14:17 - [MESSAGE][PASSED] - Text 'public' is set on object 'Object Repository/Page_Centreon - IT  Network Monitor (1)/input_host_snmp_community'

2018-03-20 14:14:17 - [TEST_STEP][PASSED] - selectOptionByValue: All options with value '2c' are selected in object 'Object Repository/Page_Centreon - IT  Network Monitor (1)/select_12c3'  using regular expression

2018-03-20 14:14:17 - [MESSAGE][PASSED] - All options with value '2c' are selected in object 'Object Repository/Page_Centreon - IT  Network Monitor (1)/select_12c3'  using regular expression

2018-03-20 14:14:17 - [TEST_STEP][PASSED] - click: Object: 'Object Repository/Page_Centreon - IT  Network Monitor (1)/a_Notification' is clicked on

2018-03-20 14:14:17 - [MESSAGE][PASSED] - Object: 'Object Repository/Page_Centreon - IT  Network Monitor (1)/a_Notification' is clicked on

2018-03-20 14:14:17 - [TEST_STEP][PASSED] - click: Object: 'Object Repository/Page_Centreon - IT  Network Monitor (1)/a_Relations' is clicked on

2018-03-20 14:14:17 - [MESSAGE][PASSED] - Object: 'Object Repository/Page_Centreon - IT  Network Monitor (1)/a_Relations' is clicked on

2018-03-20 14:14:17 - [TEST_STEP][PASSED] - click: Object: 'Object Repository/Page_Centreon - IT  Network Monitor (1)/a_Data Processing' is clicked on

2018-03-20 14:14:17 - [MESSAGE][PASSED] - Object: 'Object Repository/Page_Centreon - IT  Network Monitor (1)/a_Data Processing' is clicked on

2018-03-20 14:14:17 - [TEST_STEP][PASSED] - click: Object: 'Object Repository/Page_Centreon - IT  Network Monitor (1)/a_Host Extended Infos' is clicked on

2018-03-20 14:14:17 - [MESSAGE][PASSED] - Object: 'Object Repository/Page_Centreon - IT  Network Monitor (1)/a_Host Extended Infos' is clicked on

2018-03-20 14:14:17 - [TEST_STEP][PASSED] - click: Object: 'Object Repository/Page_Centreon - IT  Network Monitor (1)/input_submitA' is clicked on

2018-03-20 14:14:18 - [MESSAGE][PASSED] - Object: 'Object Repository/Page_Centreon - IT  Network Monitor (1)/input_submitA' is clicked on

2018-03-20 14:14:18 - [TEST_STEP][PASSED] - Statement - While (count < n): null

2018-03-20 14:14:18 - [TEST_STEP][PASSED] - click: Object: 'Object Repository/Page_Centreon - IT  Network Monitor (1)/a_Configuration' is clicked on

2018-03-20 14:14:18 - [MESSAGE][PASSED] - Object: 'Object Repository/Page_Centreon - IT  Network Monitor (1)/a_Configuration' is clicked on

2018-03-20 14:14:18 - [TEST_STEP][PASSED] - click: Object: 'Object Repository/Page_Centreon - IT  Network Monitor (1)/a_Hosts' is clicked on

2018-03-20 14:14:19 - [MESSAGE][PASSED] - Object: 'Object Repository/Page_Centreon - IT  Network Monitor (1)/a_Hosts' is clicked on

2018-03-20 14:14:19 - [TEST_STEP][PASSED] - click: Object: 'Object Repository/Page_Centreon - IT  Network Monitor (1)/a_Add' is clicked on

2018-03-20 14:14:19 - [MESSAGE][PASSED] - Object: 'Object Repository/Page_Centreon - IT  Network Monitor (1)/a_Add' is clicked on

2018-03-20 14:14:19 - [TEST_STEP][PASSED] - setText: Text '""' is set on object 'Object Repository/Page_Centreon - IT  Network Monitor (1)/input_host_name'

2018-03-20 14:14:20 - [MESSAGE][PASSED] - Text '""' is set on object 'Object Repository/Page_Centreon - IT  Network Monitor (1)/input_host_name'

2018-03-20 14:14:20 - [TEST_STEP][PASSED] - setText: Text 'new_host_katalon' is set on object 'Object Repository/Page_Centreon - IT  Network Monitor (1)/input_host_alias'

2018-03-20 14:14:20 - [MESSAGE][PASSED] - Text 'new_host_katalon' is set on object 'Object Repository/Page_Centreon - IT  Network Monitor (1)/input_host_alias'

2018-03-20 14:14:20 - [TEST_STEP][PASSED] - setText: Text '127.0.0.1' is set on object 'Object Repository/Page_Centreon - IT  Network Monitor (1)/input_host_address'

2018-03-20 14:14:20 - [MESSAGE][PASSED] - Text '127.0.0.1' is set on object 'Object Repository/Page_Centreon - IT  Network Monitor (1)/input_host_address'

2018-03-20 14:14:20 - [TEST_STEP][PASSED] - setText: Text 'public' is set on object 'Object Repository/Page_Centreon - IT  Network Monitor (1)/input_host_snmp_community'

2018-03-20 14:14:20 - [MESSAGE][PASSED] - Text 'public' is set on object 'Object Repository/Page_Centreon - IT  Network Monitor (1)/input_host_snmp_community'

2018-03-20 14:14:20 - [TEST_STEP][PASSED] - selectOptionByValue: All options with value '2c' are selected in object 'Object Repository/Page_Centreon - IT  Network Monitor (1)/select_12c3'  using regular expression

2018-03-20 14:14:20 - [MESSAGE][PASSED] - All options with value '2c' are selected in object 'Object Repository/Page_Centreon - IT  Network Monitor (1)/select_12c3'  using regular expression

2018-03-20 14:14:20 - [TEST_STEP][PASSED] - click: Object: 'Object Repository/Page_Centreon - IT  Network Monitor (1)/a_Notification' is clicked on

2018-03-20 14:14:20 - [MESSAGE][PASSED] - Object: 'Object Repository/Page_Centreon - IT  Network Monitor (1)/a_Notification' is clicked on

2018-03-20 14:14:20 - [TEST_STEP][PASSED] - click: Object: 'Object Repository/Page_Centreon - IT  Network Monitor (1)/a_Relations' is clicked on

2018-03-20 14:14:20 - [MESSAGE][PASSED] - Object: 'Object Repository/Page_Centreon - IT  Network Monitor (1)/a_Relations' is clicked on

2018-03-20 14:14:20 - [TEST_STEP][PASSED] - click: Object: 'Object Repository/Page_Centreon - IT  Network Monitor (1)/a_Data Processing' is clicked on

2018-03-20 14:14:21 - [MESSAGE][PASSED] - Object: 'Object Repository/Page_Centreon - IT  Network Monitor (1)/a_Data Processing' is clicked on

2018-03-20 14:14:21 - [TEST_STEP][PASSED] - click: Object: 'Object Repository/Page_Centreon - IT  Network Monitor (1)/a_Host Extended Infos' is clicked on

2018-03-20 14:14:21 - [MESSAGE][PASSED] - Object: 'Object Repository/Page_Centreon - IT  Network Monitor (1)/a_Host Extended Infos' is clicked on

2018-03-20 14:14:21 - [TEST_STEP][PASSED] - click: Object: 'Object Repository/Page_Centreon - IT  Network Monitor (1)/input_submitA' is clicked on

2018-03-20 14:14:21 - [MESSAGE][PASSED] - Object: 'Object Repository/Page_Centreon - IT  Network Monitor (1)/input_submitA' is clicked on

2018-03-20 14:14:21 - [TEST_STEP][PASSED] - Statement - While (count < n): null

2018-03-20 14:14:21 - [TEST_STEP][PASSED] - click: Object: 'Object Repository/Page_Centreon - IT  Network Monitor (1)/a_Configuration' is clicked on

2018-03-20 14:14:21 - [MESSAGE][PASSED] - Object: 'Object Repository/Page_Centreon - IT  Network Monitor (1)/a_Configuration' is clicked on

2018-03-20 14:14:21 - [TEST_STEP][PASSED] - click: Object: 'Object Repository/Page_Centreon - IT  Network Monitor (1)/a_Hosts' is clicked on

2018-03-20 14:14:22 - [MESSAGE][PASSED] - Object: 'Object Repository/Page_Centreon - IT  Network Monitor (1)/a_Hosts' is clicked on

2018-03-20 14:14:22 - [TEST_STEP][PASSED] - click: Object: 'Object Repository/Page_Centreon - IT  Network Monitor (1)/a_Add' is clicked on

2018-03-20 14:14:22 - [MESSAGE][PASSED] - Object: 'Object Repository/Page_Centreon - IT  Network Monitor (1)/a_Add' is clicked on

2018-03-20 14:14:22 - [TEST_STEP][PASSED] - setText: Text '""' is set on object 'Object Repository/Page_Centreon - IT  Network Monitor (1)/input_host_name'

2018-03-20 14:14:23 - [MESSAGE][PASSED] - Text '""' is set on object 'Object Repository/Page_Centreon - IT  Network Monitor (1)/input_host_name'

2018-03-20 14:14:23 - [TEST_STEP][PASSED] - setText: Text 'new_host_katalon' is set on object 'Object Repository/Page_Centreon - IT  Network Monitor (1)/input_host_alias'

2018-03-20 14:14:23 - [MESSAGE][PASSED] - Text 'new_host_katalon' is set on object 'Object Repository/Page_Centreon - IT  Network Monitor (1)/input_host_alias'

2018-03-20 14:14:23 - [TEST_STEP][PASSED] - setText: Text '127.0.0.1' is set on object 'Object Repository/Page_Centreon - IT  Network Monitor (1)/input_host_address'

2018-03-20 14:14:23 - [MESSAGE][PASSED] - Text '127.0.0.1' is set on object 'Object Repository/Page_Centreon - IT  Network Monitor (1)/input_host_address'

2018-03-20 14:14:23 - [TEST_STEP][PASSED] - setText: Text 'public' is set on object 'Object Repository/Page_Centreon - IT  Network Monitor (1)/input_host_snmp_community'

2018-03-20 14:14:23 - [MESSAGE][PASSED] - Text 'public' is set on object 'Object Repository/Page_Centreon - IT  Network Monitor (1)/input_host_snmp_community'

2018-03-20 14:14:23 - [TEST_STEP][PASSED] - selectOptionByValue: All options with value '2c' are selected in object 'Object Repository/Page_Centreon - IT  Network Monitor (1)/select_12c3'  using regular expression

2018-03-20 14:14:23 - [MESSAGE][PASSED] - All options with value '2c' are selected in object 'Object Repository/Page_Centreon - IT  Network Monitor (1)/select_12c3'  using regular expression

2018-03-20 14:14:23 - [TEST_STEP][PASSED] - click: Object: 'Object Repository/Page_Centreon - IT  Network Monitor (1)/a_Notification' is clicked on

2018-03-20 14:14:23 - [MESSAGE][PASSED] - Object: 'Object Repository/Page_Centreon - IT  Network Monitor (1)/a_Notification' is clicked on

2018-03-20 14:14:23 - [TEST_STEP][PASSED] - click: Object: 'Object Repository/Page_Centreon - IT  Network Monitor (1)/a_Relations' is clicked on

2018-03-20 14:14:23 - [MESSAGE][PASSED] - Object: 'Object Repository/Page_Centreon - IT  Network Monitor (1)/a_Relations' is clicked on

2018-03-20 14:14:23 - [TEST_STEP][PASSED] - click: Object: 'Object Repository/Page_Centreon - IT  Network Monitor (1)/a_Data Processing' is clicked on

2018-03-20 14:14:23 - [MESSAGE][PASSED] - Object: 'Object Repository/Page_Centreon - IT  Network Monitor (1)/a_Data Processing' is clicked on

2018-03-20 14:14:23 - [TEST_STEP][PASSED] - click: Object: 'Object Repository/Page_Centreon - IT  Network Monitor (1)/a_Host Extended Infos' is clicked on

2018-03-20 14:14:23 - [MESSAGE][PASSED] - Object: 'Object Repository/Page_Centreon - IT  Network Monitor (1)/a_Host Extended Infos' is clicked on

2018-03-20 14:14:23 - [TEST_STEP][PASSED] - click: Object: 'Object Repository/Page_Centreon - IT  Network Monitor (1)/input_submitA' is clicked on

2018-03-20 14:14:24 - [MESSAGE][PASSED] - Object: 'Object Repository/Page_Centreon - IT  Network Monitor (1)/input_submitA' is clicked on

2018-03-20 14:14:24 - [TEST_STEP][PASSED] - Statement - While (count < n): null

2018-03-20 14:14:24 - [TEST_STEP][PASSED] - click: Object: 'Object Repository/Page_Centreon - IT  Network Monitor (1)/a_Configuration' is clicked on

2018-03-20 14:14:24 - [MESSAGE][PASSED] - Object: 'Object Repository/Page_Centreon - IT  Network Monitor (1)/a_Configuration' is clicked on

2018-03-20 14:14:24 - [TEST_STEP][PASSED] - click: Object: 'Object Repository/Page_Centreon - IT  Network Monitor (1)/a_Hosts' is clicked on

2018-03-20 14:14:25 - [MESSAGE][PASSED] - Object: 'Object Repository/Page_Centreon - IT  Network Monitor (1)/a_Hosts' is clicked on

2018-03-20 14:14:25 - [TEST_STEP][PASSED] - click: Object: 'Object Repository/Page_Centreon - IT  Network Monitor (1)/a_Add' is clicked on

2018-03-20 14:14:26 - [MESSAGE][PASSED] - Object: 'Object Repository/Page_Centreon - IT  Network Monitor (1)/a_Add' is clicked on

2018-03-20 14:14:26 - [TEST_STEP][PASSED] - setText: Text '""' is set on object 'Object Repository/Page_Centreon - IT  Network Monitor (1)/input_host_name'

2018-03-20 14:14:26 - [MESSAGE][PASSED] - Text '""' is set on object 'Object Repository/Page_Centreon - IT  Network Monitor (1)/input_host_name'

2018-03-20 14:14:26 - [TEST_STEP][PASSED] - setText: Text 'new_host_katalon' is set on object 'Object Repository/Page_Centreon - IT  Network Monitor (1)/input_host_alias'

2018-03-20 14:14:26 - [MESSAGE][PASSED] - Text 'new_host_katalon' is set on object 'Object Repository/Page_Centreon - IT  Network Monitor (1)/input_host_alias'

2018-03-20 14:14:26 - [TEST_STEP][PASSED] - setText: Text '127.0.0.1' is set on object 'Object Repository/Page_Centreon - IT  Network Monitor (1)/input_host_address'

2018-03-20 14:14:26 - [MESSAGE][PASSED] - Text '127.0.0.1' is set on object 'Object Repository/Page_Centreon - IT  Network Monitor (1)/input_host_address'

2018-03-20 14:14:26 - [TEST_STEP][PASSED] - setText: Text 'public' is set on object 'Object Repository/Page_Centreon - IT  Network Monitor (1)/input_host_snmp_community'

2018-03-20 14:14:26 - [MESSAGE][PASSED] - Text 'public' is set on object 'Object Repository/Page_Centreon - IT  Network Monitor (1)/input_host_snmp_community'

2018-03-20 14:14:26 - [TEST_STEP][PASSED] - selectOptionByValue: All options with value '2c' are selected in object 'Object Repository/Page_Centreon - IT  Network Monitor (1)/select_12c3'  using regular expression

2018-03-20 14:14:26 - [MESSAGE][PASSED] - All options with value '2c' are selected in object 'Object Repository/Page_Centreon - IT  Network Monitor (1)/select_12c3'  using regular expression

2018-03-20 14:14:26 - [TEST_STEP][PASSED] - click: Object: 'Object Repository/Page_Centreon - IT  Network Monitor (1)/a_Notification' is clicked on

2018-03-20 14:14:26 - [MESSAGE][PASSED] - Object: 'Object Repository/Page_Centreon - IT  Network Monitor (1)/a_Notification' is clicked on

2018-03-20 14:14:26 - [TEST_STEP][PASSED] - click: Object: 'Object Repository/Page_Centreon - IT  Network Monitor (1)/a_Relations' is clicked on

2018-03-20 14:14:27 - [MESSAGE][PASSED] - Object: 'Object Repository/Page_Centreon - IT  Network Monitor (1)/a_Relations' is clicked on

2018-03-20 14:14:27 - [TEST_STEP][PASSED] - click: Object: 'Object Repository/Page_Centreon - IT  Network Monitor (1)/a_Data Processing' is clicked on

2018-03-20 14:14:27 - [MESSAGE][PASSED] - Object: 'Object Repository/Page_Centreon - IT  Network Monitor (1)/a_Data Processing' is clicked on

2018-03-20 14:14:27 - [TEST_STEP][PASSED] - click: Object: 'Object Repository/Page_Centreon - IT  Network Monitor (1)/a_Host Extended Infos' is clicked on

2018-03-20 14:14:27 - [MESSAGE][PASSED] - Object: 'Object Repository/Page_Centreon - IT  Network Monitor (1)/a_Host Extended Infos' is clicked on

2018-03-20 14:14:27 - [TEST_STEP][PASSED] - click: Object: 'Object Repository/Page_Centreon - IT  Network Monitor (1)/input_submitA' is clicked on

2018-03-20 14:14:27 - [MESSAGE][PASSED] - Object: 'Object Repository/Page_Centreon - IT  Network Monitor (1)/input_submitA' is clicked on

2018-03-20 14:14:27 - [TEST_STEP][PASSED] - Statement - While (count < n): null]]></system-out>
         <system-err><![CDATA[]]></system-err>
      </testcase>
      <system-out><![CDATA[2018-03-20 14:14:05 - [TEST_SUITE][PASSED] - Hosts: Test Cases/Host Creation]]></system-out>
      <system-err><![CDATA[]]></system-err>
   </testsuite>
</testsuites>
