<?xml version="1.0" encoding="UTF-8"?>
<testsuites name="ACL" time="104" tests="1" failures="3" errors="0">
   <testsuite name="ACL" tests="1" failures="3" errors="0" time="104" timestamp="2018-03-06 16:08:23" hostname="cgautier - CNTR-PC-A009.int.centreon.com" id="Test Suites/ACL">
      <properties>
         <property name="deviceName" value=""/>
         <property name="devicePlatform" value=""/>
         <property name="logFolder" value="C:\\Users\\cgautier\\git\\KatalonStudio\\Reports\\ACL\\20180306_160818"/>
         <property name="logFiles" value="C:\\Users\\cgautier\\git\\KatalonStudio\\Reports\\ACL\\20180306_160818\\execution0.log"/>
         <property name="attachments" value="C:\\Users\\cgautier\\git\\KatalonStudio\\Reports\\ACL\\20180306_160818\\1520348941825.png, C:\\Users\\cgautier\\git\\KatalonStudio\\Reports\\ACL\\20180306_160818\\1520348974939.png, C:\\Users\\cgautier\\git\\KatalonStudio\\Reports\\ACL\\20180306_160818\\1520349008043.png"/>
         <property name="hostName" value="cgautier - CNTR-PC-A009.int.centreon.com"/>
         <property name="os" value="Windows 10 64bit"/>
         <property name="katalonVersion" value="5.3.1.1"/>
         <property name="browser" value="Firefox 58.0"/>
         <property name="hostAddress" value="192.168.56.1"/>
         <property name="sessionId" value="4e6badcb-1ec9-429c-bd75-136d08a3f5dd"/>
         <property name="seleniumVersion" value="3.7.1"/>
         <property name="proxyInformation" value="ProxyInformation{proxyOption=NO_PROXY, proxyServerType=HTTP, password=, proxyServerAddress=, proxyServerPort=0}"/>
         <property name="platform" value="Windows 10"/>
      </properties>
      <testcase name="Test Cases/Basic Login" classname="Test Cases/Basic Login" status="PASSED">
         <system-out><![CDATA[2018-03-06 16:08:23 - [TEST_CASE][PASSED] - Test Cases/Basic Login: Test Cases/Basic Login

2018-03-06 16:08:24 - [TEST_STEP][PASSED] - openBrowser: Browser is opened with url: ''

2018-03-06 16:08:27 - [MESSAGE][PASSED] - Browser is opened with url: ''

2018-03-06 16:08:27 - [TEST_STEP][PASSED] - navigateToUrl: Navigate to 'http://10.30.2.201' successfully

2018-03-06 16:08:27 - [MESSAGE][PASSED] - Navigate to 'http://10.30.2.201' successfully

2018-03-06 16:08:27 - [TEST_STEP][PASSED] - setText: Text 'admin' is set on object 'Object Repository/Page_Centreon - IT  Network Monitor/input_useralias'

2018-03-06 16:08:27 - [MESSAGE][PASSED] - Text 'admin' is set on object 'Object Repository/Page_Centreon - IT  Network Monitor/input_useralias'

2018-03-06 16:08:27 - [TEST_STEP][PASSED] - setText: Text 'centreon' is set on object 'Object Repository/Page_Centreon - IT  Network Monitor/input_password'

2018-03-06 16:08:27 - [MESSAGE][PASSED] - Text 'centreon' is set on object 'Object Repository/Page_Centreon - IT  Network Monitor/input_password'

2018-03-06 16:08:27 - [TEST_STEP][PASSED] - click: Object: 'Object Repository/Page_Centreon - IT  Network Monitor/input_submitLogin' is clicked on

2018-03-06 16:08:28 - [MESSAGE][PASSED] - Object: 'Object Repository/Page_Centreon - IT  Network Monitor/input_submitLogin' is clicked on

2018-03-06 16:08:28 - [TEST_STEP][PASSED] - waitForPageLoad: Wait for page load successfully

2018-03-06 16:08:28 - [MESSAGE][PASSED] - Wait for page load successfully]]></system-out>
         <system-err><![CDATA[]]></system-err>
      </testcase>
      <testcase name="Test Cases/Access Group Create" classname="Test Cases/Access Group Create" status="FAILED">
         <failure type="FAILED" message="Unable to click on object 'Object Repository/Page_Centreon - IT  Network Monitor (5)/a_Configuration' (Root cause: com.kms.katalon.core.webui.exception.WebElementNotFoundException: Web element with id: 'Object Repository/Page_Centreon - IT  Network Monitor (5)/a_Configuration' located by 'By.xpath: //a[@href = '#' and (text() = 'Configuration' or . = 'Configuration')]' not found)"/>
         <system-out><![CDATA[2018-03-06 16:08:28 - [TEST_CASE][FAILED] - Test Cases/Access Group Create: Test Cases/Access Group Create FAILED because (of) Unable to click on object 'Object Repository/Page_Centreon - IT  Network Monitor (5)/a_Configuration' (Root cause: com.kms.katalon.core.webui.exception.WebElementNotFoundException: Web element with id: 'Object Repository/Page_Centreon - IT  Network Monitor (5)/a_Configuration' located by 'By.xpath: //a[@href = '#' and (text() = 'Configuration' or . = 'Configuration')]' not found)

2018-03-06 16:08:28 - [TEST_STEP][PASSED] - openBrowser: Browser is opened with url: ''

2018-03-06 16:08:28 - [MESSAGE][WARNING] - A browser is already opened. Closing browser and opening a new one

2018-03-06 16:08:31 - [MESSAGE][PASSED] - Browser is opened with url: ''

2018-03-06 16:08:31 - [TEST_STEP][PASSED] - navigateToUrl: Navigate to 'http://10.30.2.201/centreon/main.php' successfully

2018-03-06 16:08:31 - [MESSAGE][PASSED] - Navigate to 'http://10.30.2.201/centreon/main.php' successfully

2018-03-06 16:08:31 - [TEST_STEP][FAILED] - click: Unable to click on object 'Object Repository/Page_Centreon - IT  Network Monitor (5)/a_Configuration' (Root cause: com.kms.katalon.core.webui.exception.WebElementNotFoundException: Web element with id: 'Object Repository/Page_Centreon - IT  Network Monitor (5)/a_Configuration' located by 'By.xpath: //a[@href = '#' and (text() = 'Configuration' or . = 'Configuration')]' not found)

2018-03-06 16:09:01 - [MESSAGE][FAILED] - Unable to click on object 'Object Repository/Page_Centreon - IT  Network Monitor (5)/a_Configuration' (Root cause: com.kms.katalon.core.webui.exception.WebElementNotFoundException: Web element with id: 'Object Repository/Page_Centreon - IT  Network Monitor (5)/a_Configuration' located by 'By.xpath: //a[@href = '#' and (text() = 'Configuration' or . = 'Configuration')]' not found)
[[ATTACHMENT|C:\\Users\\cgautier\\git\\KatalonStudio\\Reports\\ACL\\20180306_160818\\1520348941825.png]]]]></system-out>
         <system-err><![CDATA[2018-03-06 16:08:28 - [TEST_CASE][FAILED] - Test Cases/Access Group Create: Test Cases/Access Group Create FAILED because (of) Unable to click on object 'Object Repository/Page_Centreon - IT  Network Monitor (5)/a_Configuration' (Root cause: com.kms.katalon.core.webui.exception.WebElementNotFoundException: Web element with id: 'Object Repository/Page_Centreon - IT  Network Monitor (5)/a_Configuration' located by 'By.xpath: //a[@href = '#' and (text() = 'Configuration' or . = 'Configuration')]' not found)]]></system-err>
      </testcase>
      <testcase name="Test Cases/Non admin no split graphs menu access" classname="Test Cases/Non admin no split graphs menu access" status="FAILED">
         <failure type="FAILED" message="Unable to click on object 'Object Repository/Page_Centreon - IT  Network Monitor (7)/a_Administration' (Root cause: com.kms.katalon.core.webui.exception.WebElementNotFoundException: Web element with id: 'Object Repository/Page_Centreon - IT  Network Monitor (7)/a_Administration' located by 'By.xpath: //a[@href = '#' and (text() = 'Administration' or . = 'Administration')]' not found)"/>
         <system-out><![CDATA[2018-03-06 16:09:01 - [TEST_CASE][FAILED] - Test Cases/Non admin no split graphs menu access: Test Cases/Non admin no split graphs menu access FAILED because (of) Unable to click on object 'Object Repository/Page_Centreon - IT  Network Monitor (7)/a_Administration' (Root cause: com.kms.katalon.core.webui.exception.WebElementNotFoundException: Web element with id: 'Object Repository/Page_Centreon - IT  Network Monitor (7)/a_Administration' located by 'By.xpath: //a[@href = '#' and (text() = 'Administration' or . = 'Administration')]' not found)

2018-03-06 16:09:02 - [TEST_STEP][PASSED] - openBrowser: Browser is opened with url: ''

2018-03-06 16:09:02 - [MESSAGE][WARNING] - A browser is already opened. Closing browser and opening a new one

2018-03-06 16:09:04 - [MESSAGE][PASSED] - Browser is opened with url: ''

2018-03-06 16:09:04 - [TEST_STEP][PASSED] - navigateToUrl: Navigate to 'http://10.30.2.201/centreon/main.php' successfully

2018-03-06 16:09:04 - [MESSAGE][PASSED] - Navigate to 'http://10.30.2.201/centreon/main.php' successfully

2018-03-06 16:09:04 - [TEST_STEP][FAILED] - click: Unable to click on object 'Object Repository/Page_Centreon - IT  Network Monitor (7)/a_Administration' (Root cause: com.kms.katalon.core.webui.exception.WebElementNotFoundException: Web element with id: 'Object Repository/Page_Centreon - IT  Network Monitor (7)/a_Administration' located by 'By.xpath: //a[@href = '#' and (text() = 'Administration' or . = 'Administration')]' not found)

2018-03-06 16:09:34 - [MESSAGE][FAILED] - Unable to click on object 'Object Repository/Page_Centreon - IT  Network Monitor (7)/a_Administration' (Root cause: com.kms.katalon.core.webui.exception.WebElementNotFoundException: Web element with id: 'Object Repository/Page_Centreon - IT  Network Monitor (7)/a_Administration' located by 'By.xpath: //a[@href = '#' and (text() = 'Administration' or . = 'Administration')]' not found)
[[ATTACHMENT|C:\\Users\\cgautier\\git\\KatalonStudio\\Reports\\ACL\\20180306_160818\\1520348974939.png]]]]></system-out>
         <system-err><![CDATA[2018-03-06 16:09:01 - [TEST_CASE][FAILED] - Test Cases/Non admin no split graphs menu access: Test Cases/Non admin no split graphs menu access FAILED because (of) Unable to click on object 'Object Repository/Page_Centreon - IT  Network Monitor (7)/a_Administration' (Root cause: com.kms.katalon.core.webui.exception.WebElementNotFoundException: Web element with id: 'Object Repository/Page_Centreon - IT  Network Monitor (7)/a_Administration' located by 'By.xpath: //a[@href = '#' and (text() = 'Administration' or . = 'Administration')]' not found)]]></system-err>
      </testcase>
      <testcase name="Test Cases/Non admin split graphs menu access" classname="Test Cases/Non admin split graphs menu access" status="FAILED">
         <failure type="FAILED" message="Unable to click on object 'Object Repository/Page_Centreon - IT  Network Monitor (6)/a_Configuration' (Root cause: com.kms.katalon.core.webui.exception.WebElementNotFoundException: Web element with id: 'Object Repository/Page_Centreon - IT  Network Monitor (6)/a_Configuration' located by 'By.xpath: //a[@href = '#' and (text() = 'Configuration' or . = 'Configuration')]' not found)"/>
         <system-out><![CDATA[2018-03-06 16:09:34 - [TEST_CASE][FAILED] - Test Cases/Non admin split graphs menu access: Test Cases/Non admin split graphs menu access FAILED because (of) Unable to click on object 'Object Repository/Page_Centreon - IT  Network Monitor (6)/a_Configuration' (Root cause: com.kms.katalon.core.webui.exception.WebElementNotFoundException: Web element with id: 'Object Repository/Page_Centreon - IT  Network Monitor (6)/a_Configuration' located by 'By.xpath: //a[@href = '#' and (text() = 'Configuration' or . = 'Configuration')]' not found)

2018-03-06 16:09:35 - [TEST_STEP][PASSED] - openBrowser: Browser is opened with url: ''

2018-03-06 16:09:35 - [MESSAGE][WARNING] - A browser is already opened. Closing browser and opening a new one

2018-03-06 16:09:37 - [MESSAGE][PASSED] - Browser is opened with url: ''

2018-03-06 16:09:37 - [TEST_STEP][PASSED] - navigateToUrl: Navigate to 'http://10.30.2.201/centreon/main.php' successfully

2018-03-06 16:09:37 - [MESSAGE][PASSED] - Navigate to 'http://10.30.2.201/centreon/main.php' successfully

2018-03-06 16:09:37 - [TEST_STEP][FAILED] - click: Unable to click on object 'Object Repository/Page_Centreon - IT  Network Monitor (6)/a_Configuration' (Root cause: com.kms.katalon.core.webui.exception.WebElementNotFoundException: Web element with id: 'Object Repository/Page_Centreon - IT  Network Monitor (6)/a_Configuration' located by 'By.xpath: //a[@href = '#' and (text() = 'Configuration' or . = 'Configuration')]' not found)

2018-03-06 16:10:08 - [MESSAGE][FAILED] - Unable to click on object 'Object Repository/Page_Centreon - IT  Network Monitor (6)/a_Configuration' (Root cause: com.kms.katalon.core.webui.exception.WebElementNotFoundException: Web element with id: 'Object Repository/Page_Centreon - IT  Network Monitor (6)/a_Configuration' located by 'By.xpath: //a[@href = '#' and (text() = 'Configuration' or . = 'Configuration')]' not found)
[[ATTACHMENT|C:\\Users\\cgautier\\git\\KatalonStudio\\Reports\\ACL\\20180306_160818\\1520349008043.png]]]]></system-out>
         <system-err><![CDATA[2018-03-06 16:09:34 - [TEST_CASE][FAILED] - Test Cases/Non admin split graphs menu access: Test Cases/Non admin split graphs menu access FAILED because (of) Unable to click on object 'Object Repository/Page_Centreon - IT  Network Monitor (6)/a_Configuration' (Root cause: com.kms.katalon.core.webui.exception.WebElementNotFoundException: Web element with id: 'Object Repository/Page_Centreon - IT  Network Monitor (6)/a_Configuration' located by 'By.xpath: //a[@href = '#' and (text() = 'Configuration' or . = 'Configuration')]' not found)]]></system-err>
      </testcase>
      <system-out><![CDATA[2018-03-06 16:08:23 - [TEST_SUITE][FAILED] - ACL: Test Cases/Access Group Create FAILED because (of) Unable to click on object 'Object Repository/Page_Centreon - IT  Network Monitor (5)/a_Configuration' (Root cause: com.kms.katalon.core.webui.exception.WebElementNotFoundException: Web element with id: 'Object Repository/Page_Centreon - IT  Network Monitor (5)/a_Configuration' located by 'By.xpath: //a[@href = '#' and (text() = 'Configuration' or . = 'Configuration')]' not found)]]></system-out>
      <system-err><![CDATA[2018-03-06 16:08:23 - [TEST_SUITE][FAILED] - ACL: Test Cases/Access Group Create FAILED because (of) Unable to click on object 'Object Repository/Page_Centreon - IT  Network Monitor (5)/a_Configuration' (Root cause: com.kms.katalon.core.webui.exception.WebElementNotFoundException: Web element with id: 'Object Repository/Page_Centreon - IT  Network Monitor (5)/a_Configuration' located by 'By.xpath: //a[@href = '#' and (text() = 'Configuration' or . = 'Configuration')]' not found)]]></system-err>
   </testsuite>
</testsuites>
