<?xml version="1.0" encoding="UTF-8"?>
<testsuites name="Contacts_Users" time="39" tests="2" failures="1" errors="0">
   <testsuite name="Contacts_Users" tests="2" failures="1" errors="0" time="39" timestamp="2018-03-06 11:36:49" hostname="cgautier - CNTR-PC-A009.int.centreon.com" id="Test Suites/Contacts_Users">
      <properties>
         <property name="deviceName" value=""/>
         <property name="devicePlatform" value=""/>
         <property name="logFolder" value="C:\\Users\\cgautier\\git\\KatalonStudio\\Reports\\Contacts_Users\\20180306_113640"/>
         <property name="logFiles" value="C:\\Users\\cgautier\\git\\KatalonStudio\\Reports\\Contacts_Users\\20180306_113640\\execution0.log"/>
         <property name="attachments" value="C:\\Users\\cgautier\\git\\KatalonStudio\\Reports\\Contacts_Users\\20180306_113640\\1520332648960.png"/>
         <property name="hostName" value="cgautier - CNTR-PC-A009.int.centreon.com"/>
         <property name="os" value="Windows 10 64bit"/>
         <property name="katalonVersion" value="5.3.1.1"/>
         <property name="browser" value="Firefox 58.0"/>
         <property name="hostAddress" value="192.168.56.1"/>
         <property name="sessionId" value="c656a243-34ef-403e-be16-9a99fc8fa787"/>
         <property name="seleniumVersion" value="3.7.1"/>
         <property name="proxyInformation" value="ProxyInformation{proxyOption=NO_PROXY, proxyServerType=HTTP, password=, proxyServerAddress=, proxyServerPort=0}"/>
         <property name="platform" value="Windows 10"/>
      </properties>
      <testcase name="Test Cases/Basic Login" classname="Test Cases/Basic Login" status="PASSED">
         <system-out><![CDATA[2018-03-06 11:36:49 - [TEST_CASE][PASSED] - Test Cases/Basic Login: Test Cases/Basic Login

2018-03-06 11:36:49 - [TEST_STEP][PASSED] - openBrowser: Browser is opened with url: ''

2018-03-06 11:36:53 - [MESSAGE][PASSED] - Browser is opened with url: ''

2018-03-06 11:36:53 - [TEST_STEP][PASSED] - navigateToUrl: Navigate to 'http://10.30.2.201' successfully

2018-03-06 11:36:53 - [MESSAGE][PASSED] - Navigate to 'http://10.30.2.201' successfully

2018-03-06 11:36:53 - [TEST_STEP][PASSED] - setText: Text 'admin' is set on object 'Object Repository/Page_Centreon - IT  Network Monitor/input_useralias'

2018-03-06 11:36:53 - [MESSAGE][PASSED] - Text 'admin' is set on object 'Object Repository/Page_Centreon - IT  Network Monitor/input_useralias'

2018-03-06 11:36:53 - [TEST_STEP][PASSED] - setText: Text 'centreon' is set on object 'Object Repository/Page_Centreon - IT  Network Monitor/input_password'

2018-03-06 11:36:53 - [MESSAGE][PASSED] - Text 'centreon' is set on object 'Object Repository/Page_Centreon - IT  Network Monitor/input_password'

2018-03-06 11:36:53 - [TEST_STEP][PASSED] - click: Object: 'Object Repository/Page_Centreon - IT  Network Monitor/input_submitLogin' is clicked on

2018-03-06 11:36:54 - [MESSAGE][PASSED] - Object: 'Object Repository/Page_Centreon - IT  Network Monitor/input_submitLogin' is clicked on

2018-03-06 11:36:54 - [TEST_STEP][PASSED] - waitForPageLoad: Wait for page load successfully

2018-03-06 11:36:54 - [MESSAGE][PASSED] - Wait for page load successfully]]></system-out>
         <system-err><![CDATA[]]></system-err>
      </testcase>
      <testcase name="Test Cases/Non admin contact creation" classname="Test Cases/Non admin contact creation" status="PASSED">
         <system-out><![CDATA[2018-03-06 11:36:54 - [TEST_CASE][PASSED] - Test Cases/Non admin contact creation: Test Cases/Non admin contact creation

2018-03-06 11:36:54 - [TEST_STEP][PASSED] - navigateToUrl: Navigate to 'http://10.30.2.201/centreon/main.php' successfully

2018-03-06 11:36:55 - [MESSAGE][PASSED] - Navigate to 'http://10.30.2.201/centreon/main.php' successfully

2018-03-06 11:36:55 - [TEST_STEP][PASSED] - click: Object: 'Object Repository/Page_Centreon - IT  Network Monitor (3)/a_Configuration' is clicked on

2018-03-06 11:36:55 - [MESSAGE][PASSED] - Object: 'Object Repository/Page_Centreon - IT  Network Monitor (3)/a_Configuration' is clicked on

2018-03-06 11:36:55 - [TEST_STEP][PASSED] - click: Object: 'Object Repository/Page_Centreon - IT  Network Monitor (3)/a_Users' is clicked on

2018-03-06 11:36:55 - [MESSAGE][PASSED] - Object: 'Object Repository/Page_Centreon - IT  Network Monitor (3)/a_Users' is clicked on

2018-03-06 11:36:55 - [TEST_STEP][PASSED] - click: Object: 'Object Repository/Page_Centreon - IT  Network Monitor (3)/a_Add' is clicked on

2018-03-06 11:36:56 - [MESSAGE][PASSED] - Object: 'Object Repository/Page_Centreon - IT  Network Monitor (3)/a_Add' is clicked on

2018-03-06 11:36:56 - [TEST_STEP][PASSED] - setText: Text 'new' is set on object 'Object Repository/Page_Centreon - IT  Network Monitor (3)/input_contact_alias'

2018-03-06 11:36:56 - [MESSAGE][PASSED] - Text 'new' is set on object 'Object Repository/Page_Centreon - IT  Network Monitor (3)/input_contact_alias'

2018-03-06 11:36:56 - [TEST_STEP][PASSED] - setText: Text 'new' is set on object 'Object Repository/Page_Centreon - IT  Network Monitor (3)/input_contact_name'

2018-03-06 11:36:56 - [MESSAGE][PASSED] - Text 'new' is set on object 'Object Repository/Page_Centreon - IT  Network Monitor (3)/input_contact_name'

2018-03-06 11:36:56 - [TEST_STEP][PASSED] - setText: Text 'new' is set on object 'Object Repository/Page_Centreon - IT  Network Monitor (3)/input_contact_email'

2018-03-06 11:36:56 - [MESSAGE][PASSED] - Text 'new' is set on object 'Object Repository/Page_Centreon - IT  Network Monitor (3)/input_contact_email'

2018-03-06 11:36:56 - [TEST_STEP][PASSED] - click: Object: 'Object Repository/Page_Centreon - IT  Network Monitor (3)/a_Centreon Authentication' is clicked on

2018-03-06 11:36:56 - [MESSAGE][PASSED] - Object: 'Object Repository/Page_Centreon - IT  Network Monitor (3)/a_Centreon Authentication' is clicked on

2018-03-06 11:36:56 - [TEST_STEP][PASSED] - click: Object: 'Object Repository/Page_Centreon - IT  Network Monitor (3)/Page_Centreon - IT  Network Monitor/input_contact_admincontact_adm' is clicked on

2018-03-06 11:36:57 - [MESSAGE][PASSED] - Object: 'Object Repository/Page_Centreon - IT  Network Monitor (3)/Page_Centreon - IT  Network Monitor/input_contact_admincontact_adm' is clicked on

2018-03-06 11:36:57 - [TEST_STEP][PASSED] - click: Object: 'Object Repository/Page_Centreon - IT  Network Monitor (3)/input_submitA' is clicked on

2018-03-06 11:36:57 - [MESSAGE][PASSED] - Object: 'Object Repository/Page_Centreon - IT  Network Monitor (3)/input_submitA' is clicked on]]></system-out>
         <system-err><![CDATA[]]></system-err>
      </testcase>
      <testcase name="Test Cases/Contact Edit" classname="Test Cases/Contact Edit" status="FAILED">
         <failure type="FAILED" message="Unable to click on object 'Object Repository/Page_Centreon - IT  Network Monitor (4)/a_new' (Root cause: com.kms.katalon.core.webui.exception.WebElementNotFoundException: Web element with id: 'Object Repository/Page_Centreon - IT  Network Monitor (4)/a_new' located by 'By.xpath: //a[@href = '?p=60301&amp;o=c&amp;contact_id=41' and (text() = 'new' or . = 'new')]' not found)"/>
         <system-out><![CDATA[2018-03-06 11:36:57 - [TEST_CASE][FAILED] - Test Cases/Contact Edit: Test Cases/Contact Edit FAILED because (of) Unable to click on object 'Object Repository/Page_Centreon - IT  Network Monitor (4)/a_new' (Root cause: com.kms.katalon.core.webui.exception.WebElementNotFoundException: Web element with id: 'Object Repository/Page_Centreon - IT  Network Monitor (4)/a_new' located by 'By.xpath: //a[@href = '?p=60301&o=c&contact_id=41' and (text() = 'new' or . = 'new')]' not found)

2018-03-06 11:36:57 - [TEST_STEP][PASSED] - navigateToUrl: Navigate to 'http://10.30.2.201/centreon/main.php?p=60301&o=c&contact_id=41' successfully

2018-03-06 11:36:58 - [MESSAGE][PASSED] - Navigate to 'http://10.30.2.201/centreon/main.php?p=60301&o=c&contact_id=41' successfully

2018-03-06 11:36:58 - [TEST_STEP][FAILED] - click: Unable to click on object 'Object Repository/Page_Centreon - IT  Network Monitor (4)/a_new' (Root cause: com.kms.katalon.core.webui.exception.WebElementNotFoundException: Web element with id: 'Object Repository/Page_Centreon - IT  Network Monitor (4)/a_new' located by 'By.xpath: //a[@href = '?p=60301&o=c&contact_id=41' and (text() = 'new' or . = 'new')]' not found)

2018-03-06 11:37:29 - [MESSAGE][FAILED] - Unable to click on object 'Object Repository/Page_Centreon - IT  Network Monitor (4)/a_new' (Root cause: com.kms.katalon.core.webui.exception.WebElementNotFoundException: Web element with id: 'Object Repository/Page_Centreon - IT  Network Monitor (4)/a_new' located by 'By.xpath: //a[@href = '?p=60301&o=c&contact_id=41' and (text() = 'new' or . = 'new')]' not found)
[[ATTACHMENT|C:\\Users\\cgautier\\git\\KatalonStudio\\Reports\\Contacts_Users\\20180306_113640\\1520332648960.png]]]]></system-out>
         <system-err><![CDATA[2018-03-06 11:36:57 - [TEST_CASE][FAILED] - Test Cases/Contact Edit: Test Cases/Contact Edit FAILED because (of) Unable to click on object 'Object Repository/Page_Centreon - IT  Network Monitor (4)/a_new' (Root cause: com.kms.katalon.core.webui.exception.WebElementNotFoundException: Web element with id: 'Object Repository/Page_Centreon - IT  Network Monitor (4)/a_new' located by 'By.xpath: //a[@href = '?p=60301&o=c&contact_id=41' and (text() = 'new' or . = 'new')]' not found)]]></system-err>
      </testcase>
      <system-out><![CDATA[2018-03-06 11:36:49 - [TEST_SUITE][FAILED] - Contacts_Users: Test Cases/Contact Edit FAILED because (of) Unable to click on object 'Object Repository/Page_Centreon - IT  Network Monitor (4)/a_new' (Root cause: com.kms.katalon.core.webui.exception.WebElementNotFoundException: Web element with id: 'Object Repository/Page_Centreon - IT  Network Monitor (4)/a_new' located by 'By.xpath: //a[@href = '?p=60301&o=c&contact_id=41' and (text() = 'new' or . = 'new')]' not found)]]></system-out>
      <system-err><![CDATA[2018-03-06 11:36:49 - [TEST_SUITE][FAILED] - Contacts_Users: Test Cases/Contact Edit FAILED because (of) Unable to click on object 'Object Repository/Page_Centreon - IT  Network Monitor (4)/a_new' (Root cause: com.kms.katalon.core.webui.exception.WebElementNotFoundException: Web element with id: 'Object Repository/Page_Centreon - IT  Network Monitor (4)/a_new' located by 'By.xpath: //a[@href = '?p=60301&o=c&contact_id=41' and (text() = 'new' or . = 'new')]' not found)]]></system-err>
   </testsuite>
</testsuites>
