<?xml version="1.0" encoding="UTF-8"?>
<testsuites name="Contacts_Users" time="36" tests="1" failures="1" errors="0">
   <testsuite name="Contacts_Users" tests="1" failures="1" errors="0" time="36" timestamp="2018-03-05 14:06:59" hostname="cgautier - CNTR-PC-A009.int.centreon.com" id="Test Suites/Contacts_Users">
      <properties>
         <property name="deviceName" value=""/>
         <property name="devicePlatform" value=""/>
         <property name="logFolder" value="C:\\Users\\cgautier\\git\\KatalonStudio\\Reports\\Contacts_Users\\20180305_140653"/>
         <property name="logFiles" value="C:\\Users\\cgautier\\git\\KatalonStudio\\Reports\\Contacts_Users\\20180305_140653\\execution0.log"/>
         <property name="attachments" value="C:\\Users\\cgautier\\git\\KatalonStudio\\Reports\\Contacts_Users\\20180305_140653\\1520255255667.png"/>
         <property name="hostName" value="cgautier - CNTR-PC-A009.int.centreon.com"/>
         <property name="os" value="Windows 10 64bit"/>
         <property name="katalonVersion" value="5.3.1.1"/>
         <property name="browser" value="Firefox 58.0"/>
         <property name="hostAddress" value="192.168.56.1"/>
         <property name="sessionId" value="66c472a0-3b8f-4cd0-9af6-c7db9f0fe9f9"/>
         <property name="seleniumVersion" value="3.7.1"/>
         <property name="proxyInformation" value="ProxyInformation{proxyOption=NO_PROXY, proxyServerType=HTTP, password=, proxyServerAddress=, proxyServerPort=0}"/>
         <property name="platform" value="Windows 10"/>
      </properties>
      <testcase name="Test Cases/Basic Login" classname="Test Cases/Basic Login" status="PASSED">
         <system-out><![CDATA[2018-03-05 14:06:59 - [TEST_CASE][PASSED] - Test Cases/Basic Login: Test Cases/Basic Login

2018-03-05 14:06:59 - [TEST_STEP][PASSED] - openBrowser: Browser is opened with url: ''

2018-03-05 14:07:02 - [MESSAGE][PASSED] - Browser is opened with url: ''

2018-03-05 14:07:02 - [TEST_STEP][PASSED] - navigateToUrl: Navigate to 'http://10.30.2.201' successfully

2018-03-05 14:07:02 - [MESSAGE][PASSED] - Navigate to 'http://10.30.2.201' successfully

2018-03-05 14:07:02 - [TEST_STEP][PASSED] - setText: Text 'admin' is set on object 'Object Repository/Page_Centreon - IT  Network Monitor/input_useralias'

2018-03-05 14:07:02 - [MESSAGE][PASSED] - Text 'admin' is set on object 'Object Repository/Page_Centreon - IT  Network Monitor/input_useralias'

2018-03-05 14:07:02 - [TEST_STEP][PASSED] - setText: Text 'centreon' is set on object 'Object Repository/Page_Centreon - IT  Network Monitor/input_password'

2018-03-05 14:07:02 - [MESSAGE][PASSED] - Text 'centreon' is set on object 'Object Repository/Page_Centreon - IT  Network Monitor/input_password'

2018-03-05 14:07:02 - [TEST_STEP][PASSED] - click: Object: 'Object Repository/Page_Centreon - IT  Network Monitor/input_submitLogin' is clicked on

2018-03-05 14:07:03 - [MESSAGE][PASSED] - Object: 'Object Repository/Page_Centreon - IT  Network Monitor/input_submitLogin' is clicked on

2018-03-05 14:07:03 - [TEST_STEP][PASSED] - waitForPageLoad: Wait for page load successfully

2018-03-05 14:07:03 - [MESSAGE][PASSED] - Wait for page load successfully]]></system-out>
         <system-err><![CDATA[]]></system-err>
      </testcase>
      <testcase name="Test Cases/Non admin contact creation" classname="Test Cases/Non admin contact creation" status="FAILED">
         <failure type="FAILED" message="Unable to click on object 'Object Repository/Page_Centreon - IT  Network Monitor (3)/Page_Centreon - IT  Network Monitor/input_contact_admincontact_adm' (Root cause: com.kms.katalon.core.webui.exception.WebElementNotFoundException: Web element with id: 'Object Repository/Page_Centreon - IT  Network Monitor (3)/Page_Centreon - IT  Network Monitor/input_contact_admincontact_adm' located by 'By.xpath: //input[@name = 'contact_admin[contact_admin]' and @type = 'radio' and @id = 'qf_536d76' and @checked = 'checked']' not found)"/>
         <system-out><![CDATA[2018-03-05 14:07:03 - [TEST_CASE][FAILED] - Test Cases/Non admin contact creation: Test Cases/Non admin contact creation FAILED because (of) Unable to click on object 'Object Repository/Page_Centreon - IT  Network Monitor (3)/Page_Centreon - IT  Network Monitor/input_contact_admincontact_adm' (Root cause: com.kms.katalon.core.webui.exception.WebElementNotFoundException: Web element with id: 'Object Repository/Page_Centreon - IT  Network Monitor (3)/Page_Centreon - IT  Network Monitor/input_contact_admincontact_adm' located by 'By.xpath: //input[@name = 'contact_admin[contact_admin]' and @type = 'radio' and @id = 'qf_536d76' and @checked = 'checked']' not found)

2018-03-05 14:07:03 - [TEST_STEP][PASSED] - navigateToUrl: Navigate to 'http://10.30.2.201/centreon/main.php' successfully

2018-03-05 14:07:03 - [MESSAGE][PASSED] - Navigate to 'http://10.30.2.201/centreon/main.php' successfully

2018-03-05 14:07:03 - [TEST_STEP][PASSED] - click: Object: 'Object Repository/Page_Centreon - IT  Network Monitor (3)/a_Configuration' is clicked on

2018-03-05 14:07:04 - [MESSAGE][PASSED] - Object: 'Object Repository/Page_Centreon - IT  Network Monitor (3)/a_Configuration' is clicked on

2018-03-05 14:07:04 - [TEST_STEP][PASSED] - click: Object: 'Object Repository/Page_Centreon - IT  Network Monitor (3)/a_Users' is clicked on

2018-03-05 14:07:04 - [MESSAGE][PASSED] - Object: 'Object Repository/Page_Centreon - IT  Network Monitor (3)/a_Users' is clicked on

2018-03-05 14:07:04 - [TEST_STEP][PASSED] - click: Object: 'Object Repository/Page_Centreon - IT  Network Monitor (3)/a_Add' is clicked on

2018-03-05 14:07:05 - [MESSAGE][PASSED] - Object: 'Object Repository/Page_Centreon - IT  Network Monitor (3)/a_Add' is clicked on

2018-03-05 14:07:05 - [TEST_STEP][PASSED] - setText: Text 'new' is set on object 'Object Repository/Page_Centreon - IT  Network Monitor (3)/input_contact_alias'

2018-03-05 14:07:05 - [MESSAGE][PASSED] - Text 'new' is set on object 'Object Repository/Page_Centreon - IT  Network Monitor (3)/input_contact_alias'

2018-03-05 14:07:05 - [TEST_STEP][PASSED] - setText: Text 'new' is set on object 'Object Repository/Page_Centreon - IT  Network Monitor (3)/input_contact_name'

2018-03-05 14:07:05 - [MESSAGE][PASSED] - Text 'new' is set on object 'Object Repository/Page_Centreon - IT  Network Monitor (3)/input_contact_name'

2018-03-05 14:07:05 - [TEST_STEP][PASSED] - setText: Text 'new' is set on object 'Object Repository/Page_Centreon - IT  Network Monitor (3)/input_contact_email'

2018-03-05 14:07:05 - [MESSAGE][PASSED] - Text 'new' is set on object 'Object Repository/Page_Centreon - IT  Network Monitor (3)/input_contact_email'

2018-03-05 14:07:05 - [TEST_STEP][PASSED] - click: Object: 'Object Repository/Page_Centreon - IT  Network Monitor (3)/a_Centreon Authentication' is clicked on

2018-03-05 14:07:05 - [MESSAGE][PASSED] - Object: 'Object Repository/Page_Centreon - IT  Network Monitor (3)/a_Centreon Authentication' is clicked on

2018-03-05 14:07:05 - [TEST_STEP][FAILED] - click: Unable to click on object 'Object Repository/Page_Centreon - IT  Network Monitor (3)/Page_Centreon - IT  Network Monitor/input_contact_admincontact_adm' (Root cause: com.kms.katalon.core.webui.exception.WebElementNotFoundException: Web element with id: 'Object Repository/Page_Centreon - IT  Network Monitor (3)/Page_Centreon - IT  Network Monitor/input_contact_admincontact_adm' located by 'By.xpath: //input[@name = 'contact_admin[contact_admin]' and @type = 'radio' and @id = 'qf_536d76' and @checked = 'checked']' not found)

2018-03-05 14:07:35 - [MESSAGE][FAILED] - Unable to click on object 'Object Repository/Page_Centreon - IT  Network Monitor (3)/Page_Centreon - IT  Network Monitor/input_contact_admincontact_adm' (Root cause: com.kms.katalon.core.webui.exception.WebElementNotFoundException: Web element with id: 'Object Repository/Page_Centreon - IT  Network Monitor (3)/Page_Centreon - IT  Network Monitor/input_contact_admincontact_adm' located by 'By.xpath: //input[@name = 'contact_admin[contact_admin]' and @type = 'radio' and @id = 'qf_536d76' and @checked = 'checked']' not found)
[[ATTACHMENT|C:\\Users\\cgautier\\git\\KatalonStudio\\Reports\\Contacts_Users\\20180305_140653\\1520255255667.png]]]]></system-out>
         <system-err><![CDATA[2018-03-05 14:07:03 - [TEST_CASE][FAILED] - Test Cases/Non admin contact creation: Test Cases/Non admin contact creation FAILED because (of) Unable to click on object 'Object Repository/Page_Centreon - IT  Network Monitor (3)/Page_Centreon - IT  Network Monitor/input_contact_admincontact_adm' (Root cause: com.kms.katalon.core.webui.exception.WebElementNotFoundException: Web element with id: 'Object Repository/Page_Centreon - IT  Network Monitor (3)/Page_Centreon - IT  Network Monitor/input_contact_admincontact_adm' located by 'By.xpath: //input[@name = 'contact_admin[contact_admin]' and @type = 'radio' and @id = 'qf_536d76' and @checked = 'checked']' not found)]]></system-err>
      </testcase>
      <system-out><![CDATA[2018-03-05 14:06:59 - [TEST_SUITE][FAILED] - Contacts_Users: Test Cases/Non admin contact creation FAILED because (of) Unable to click on object 'Object Repository/Page_Centreon - IT  Network Monitor (3)/Page_Centreon - IT  Network Monitor/input_contact_admincontact_adm' (Root cause: com.kms.katalon.core.webui.exception.WebElementNotFoundException: Web element with id: 'Object Repository/Page_Centreon - IT  Network Monitor (3)/Page_Centreon - IT  Network Monitor/input_contact_admincontact_adm' located by 'By.xpath: //input[@name = 'contact_admin[contact_admin]' and @type = 'radio' and @id = 'qf_536d76' and @checked = 'checked']' not found)]]></system-out>
      <system-err><![CDATA[2018-03-05 14:06:59 - [TEST_SUITE][FAILED] - Contacts_Users: Test Cases/Non admin contact creation FAILED because (of) Unable to click on object 'Object Repository/Page_Centreon - IT  Network Monitor (3)/Page_Centreon - IT  Network Monitor/input_contact_admincontact_adm' (Root cause: com.kms.katalon.core.webui.exception.WebElementNotFoundException: Web element with id: 'Object Repository/Page_Centreon - IT  Network Monitor (3)/Page_Centreon - IT  Network Monitor/input_contact_admincontact_adm' located by 'By.xpath: //input[@name = 'contact_admin[contact_admin]' and @type = 'radio' and @id = 'qf_536d76' and @checked = 'checked']' not found)]]></system-err>
   </testsuite>
</testsuites>
