<?xml version="1.0" encoding="UTF-8"?>
<testsuites name="Hosts" time="25" tests="2" failures="0" errors="0">
   <testsuite name="Hosts" tests="2" failures="0" errors="0" time="25" timestamp="2018-03-13 10:45:50" hostname="cgautier - CNTR-PC-A009.int.centreon.com" id="Test Suites/Hosts">
      <properties>
         <property name="deviceName" value=""/>
         <property name="devicePlatform" value=""/>
         <property name="logFolder" value="C:\\Users\\cgautier\\git\\KatalonStudio\\Reports\\Hosts\\20180313_104545"/>
         <property name="logFiles" value="C:\\Users\\cgautier\\git\\KatalonStudio\\Reports\\Hosts\\20180313_104545\\execution0.log"/>
         <property name="attachments" value=""/>
         <property name="hostName" value="cgautier - CNTR-PC-A009.int.centreon.com"/>
         <property name="os" value="Windows 10 64bit"/>
         <property name="katalonVersion" value="5.3.1.1"/>
         <property name="browser" value="Chrome 65.0.3325.146"/>
         <property name="hostAddress" value="192.168.56.1"/>
         <property name="sessionId" value="a05926f2777bcd354dff2cca8db4c46d"/>
         <property name="seleniumVersion" value="3.7.1"/>
         <property name="proxyInformation" value="ProxyInformation{proxyOption=NO_PROXY, proxyServerType=HTTP, password=, proxyServerAddress=, proxyServerPort=0}"/>
         <property name="platform" value="Windows 10"/>
      </properties>
      <testcase name="Test Cases/Basic Login" classname="Test Cases/Basic Login" status="PASSED">
         <system-out><![CDATA[2018-03-13 10:45:51 - [TEST_CASE][PASSED] - Test Cases/Basic Login: Test Cases/Basic Login

2018-03-13 10:45:51 - [TEST_STEP][PASSED] - openBrowser: Browser is opened with url: ''

2018-03-13 10:45:54 - [MESSAGE][PASSED] - Browser is opened with url: ''

2018-03-13 10:45:54 - [TEST_STEP][PASSED] - maximizeWindow: Current window maximized

2018-03-13 10:45:55 - [MESSAGE][PASSED] - Current window maximized

2018-03-13 10:45:55 - [TEST_STEP][PASSED] - navigateToUrl: Navigate to 'http://10.30.2.201' successfully

2018-03-13 10:45:55 - [MESSAGE][PASSED] - Navigate to 'http://10.30.2.201' successfully

2018-03-13 10:45:55 - [TEST_STEP][PASSED] - setText: Text 'admin' is set on object 'Object Repository/Page_Centreon - IT  Network Monitor/input_useralias'

2018-03-13 10:45:55 - [MESSAGE][PASSED] - Text 'admin' is set on object 'Object Repository/Page_Centreon - IT  Network Monitor/input_useralias'

2018-03-13 10:45:55 - [TEST_STEP][PASSED] - setText: Text 'centreon' is set on object 'Object Repository/Page_Centreon - IT  Network Monitor/input_password'

2018-03-13 10:45:55 - [MESSAGE][PASSED] - Text 'centreon' is set on object 'Object Repository/Page_Centreon - IT  Network Monitor/input_password'

2018-03-13 10:45:55 - [TEST_STEP][PASSED] - click: Object: 'Object Repository/Page_Centreon - IT  Network Monitor/input_submitLogin' is clicked on

2018-03-13 10:45:56 - [MESSAGE][PASSED] - Object: 'Object Repository/Page_Centreon - IT  Network Monitor/input_submitLogin' is clicked on

2018-03-13 10:45:56 - [TEST_STEP][PASSED] - waitForPageLoad: Wait for page load successfully

2018-03-13 10:45:56 - [MESSAGE][PASSED] - Wait for page load successfully]]></system-out>
         <system-err><![CDATA[]]></system-err>
      </testcase>
      <testcase name="Test Cases/Host Creation" classname="Test Cases/Host Creation" status="PASSED">
         <system-out><![CDATA[2018-03-13 10:45:56 - [TEST_CASE][PASSED] - Test Cases/Host Creation: Test Cases/Host Creation

2018-03-13 10:45:56 - [TEST_STEP][PASSED] - Statement - n = <not implemented yet for class: org.codehaus.groovy.ast.expr.EmptyExpression>: null

2018-03-13 10:45:56 - [TEST_STEP][PASSED] - Statement - count = 0: null

2018-03-13 10:45:56 - [TEST_STEP][PASSED] - Statement - For ([i = 0, i < 5, (i++)]): Object: 'Object Repository/Page_Centreon - IT  Network Monitor (1)/input_submitA' is clicked on

2018-03-13 10:45:56 - [TEST_STEP][PASSED] - click: Object: 'Object Repository/Page_Centreon - IT  Network Monitor (1)/a_Configuration' is clicked on

2018-03-13 10:45:56 - [MESSAGE][PASSED] - Object: 'Object Repository/Page_Centreon - IT  Network Monitor (1)/a_Configuration' is clicked on

2018-03-13 10:45:56 - [TEST_STEP][PASSED] - click: Object: 'Object Repository/Page_Centreon - IT  Network Monitor (1)/a_Hosts' is clicked on

2018-03-13 10:45:58 - [MESSAGE][PASSED] - Object: 'Object Repository/Page_Centreon - IT  Network Monitor (1)/a_Hosts' is clicked on

2018-03-13 10:45:58 - [TEST_STEP][PASSED] - click: Object: 'Object Repository/Page_Centreon - IT  Network Monitor (1)/a_Add' is clicked on

2018-03-13 10:45:58 - [MESSAGE][PASSED] - Object: 'Object Repository/Page_Centreon - IT  Network Monitor (1)/a_Add' is clicked on

2018-03-13 10:45:58 - [TEST_STEP][PASSED] - setText: Text '""' is set on object 'Object Repository/Page_Centreon - IT  Network Monitor (1)/input_host_name'

2018-03-13 10:45:58 - [MESSAGE][PASSED] - Text '""' is set on object 'Object Repository/Page_Centreon - IT  Network Monitor (1)/input_host_name'

2018-03-13 10:45:58 - [TEST_STEP][PASSED] - setText: Text 'new_host_katalon' is set on object 'Object Repository/Page_Centreon - IT  Network Monitor (1)/input_host_alias'

2018-03-13 10:45:59 - [MESSAGE][PASSED] - Text 'new_host_katalon' is set on object 'Object Repository/Page_Centreon - IT  Network Monitor (1)/input_host_alias'

2018-03-13 10:45:59 - [TEST_STEP][PASSED] - setText: Text '127.0.0.1' is set on object 'Object Repository/Page_Centreon - IT  Network Monitor (1)/input_host_address'

2018-03-13 10:45:59 - [MESSAGE][PASSED] - Text '127.0.0.1' is set on object 'Object Repository/Page_Centreon - IT  Network Monitor (1)/input_host_address'

2018-03-13 10:45:59 - [TEST_STEP][PASSED] - setText: Text 'public' is set on object 'Object Repository/Page_Centreon - IT  Network Monitor (1)/input_host_snmp_community'

2018-03-13 10:45:59 - [MESSAGE][PASSED] - Text 'public' is set on object 'Object Repository/Page_Centreon - IT  Network Monitor (1)/input_host_snmp_community'

2018-03-13 10:45:59 - [TEST_STEP][PASSED] - selectOptionByValue: All options with value '2c' are selected in object 'Object Repository/Page_Centreon - IT  Network Monitor (1)/select_12c3'  using regular expression

2018-03-13 10:45:59 - [MESSAGE][PASSED] - All options with value '2c' are selected in object 'Object Repository/Page_Centreon - IT  Network Monitor (1)/select_12c3'  using regular expression

2018-03-13 10:45:59 - [TEST_STEP][PASSED] - click: Object: 'Object Repository/Page_Centreon - IT  Network Monitor (1)/a_Notification' is clicked on

2018-03-13 10:45:59 - [MESSAGE][PASSED] - Object: 'Object Repository/Page_Centreon - IT  Network Monitor (1)/a_Notification' is clicked on

2018-03-13 10:45:59 - [TEST_STEP][PASSED] - click: Object: 'Object Repository/Page_Centreon - IT  Network Monitor (1)/a_Relations' is clicked on

2018-03-13 10:45:59 - [MESSAGE][PASSED] - Object: 'Object Repository/Page_Centreon - IT  Network Monitor (1)/a_Relations' is clicked on

2018-03-13 10:45:59 - [TEST_STEP][PASSED] - click: Object: 'Object Repository/Page_Centreon - IT  Network Monitor (1)/a_Data Processing' is clicked on

2018-03-13 10:46:00 - [MESSAGE][PASSED] - Object: 'Object Repository/Page_Centreon - IT  Network Monitor (1)/a_Data Processing' is clicked on

2018-03-13 10:46:00 - [TEST_STEP][PASSED] - click: Object: 'Object Repository/Page_Centreon - IT  Network Monitor (1)/a_Host Extended Infos' is clicked on

2018-03-13 10:46:00 - [MESSAGE][PASSED] - Object: 'Object Repository/Page_Centreon - IT  Network Monitor (1)/a_Host Extended Infos' is clicked on

2018-03-13 10:46:00 - [TEST_STEP][PASSED] - click: Object: 'Object Repository/Page_Centreon - IT  Network Monitor (1)/input_submitA' is clicked on

2018-03-13 10:46:01 - [MESSAGE][PASSED] - Object: 'Object Repository/Page_Centreon - IT  Network Monitor (1)/input_submitA' is clicked on

2018-03-13 10:46:01 - [TEST_STEP][PASSED] - click: Object: 'Object Repository/Page_Centreon - IT  Network Monitor (1)/a_Configuration' is clicked on

2018-03-13 10:46:01 - [MESSAGE][PASSED] - Object: 'Object Repository/Page_Centreon - IT  Network Monitor (1)/a_Configuration' is clicked on

2018-03-13 10:46:01 - [TEST_STEP][PASSED] - click: Object: 'Object Repository/Page_Centreon - IT  Network Monitor (1)/a_Hosts' is clicked on

2018-03-13 10:46:02 - [MESSAGE][PASSED] - Object: 'Object Repository/Page_Centreon - IT  Network Monitor (1)/a_Hosts' is clicked on

2018-03-13 10:46:02 - [TEST_STEP][PASSED] - click: Object: 'Object Repository/Page_Centreon - IT  Network Monitor (1)/a_Add' is clicked on

2018-03-13 10:46:02 - [MESSAGE][PASSED] - Object: 'Object Repository/Page_Centreon - IT  Network Monitor (1)/a_Add' is clicked on

2018-03-13 10:46:02 - [TEST_STEP][PASSED] - setText: Text '""' is set on object 'Object Repository/Page_Centreon - IT  Network Monitor (1)/input_host_name'

2018-03-13 10:46:03 - [MESSAGE][PASSED] - Text '""' is set on object 'Object Repository/Page_Centreon - IT  Network Monitor (1)/input_host_name'

2018-03-13 10:46:03 - [TEST_STEP][PASSED] - setText: Text 'new_host_katalon' is set on object 'Object Repository/Page_Centreon - IT  Network Monitor (1)/input_host_alias'

2018-03-13 10:46:03 - [MESSAGE][PASSED] - Text 'new_host_katalon' is set on object 'Object Repository/Page_Centreon - IT  Network Monitor (1)/input_host_alias'

2018-03-13 10:46:03 - [TEST_STEP][PASSED] - setText: Text '127.0.0.1' is set on object 'Object Repository/Page_Centreon - IT  Network Monitor (1)/input_host_address'

2018-03-13 10:46:03 - [MESSAGE][PASSED] - Text '127.0.0.1' is set on object 'Object Repository/Page_Centreon - IT  Network Monitor (1)/input_host_address'

2018-03-13 10:46:03 - [TEST_STEP][PASSED] - setText: Text 'public' is set on object 'Object Repository/Page_Centreon - IT  Network Monitor (1)/input_host_snmp_community'

2018-03-13 10:46:03 - [MESSAGE][PASSED] - Text 'public' is set on object 'Object Repository/Page_Centreon - IT  Network Monitor (1)/input_host_snmp_community'

2018-03-13 10:46:03 - [TEST_STEP][PASSED] - selectOptionByValue: All options with value '2c' are selected in object 'Object Repository/Page_Centreon - IT  Network Monitor (1)/select_12c3'  using regular expression

2018-03-13 10:46:03 - [MESSAGE][PASSED] - All options with value '2c' are selected in object 'Object Repository/Page_Centreon - IT  Network Monitor (1)/select_12c3'  using regular expression

2018-03-13 10:46:03 - [TEST_STEP][PASSED] - click: Object: 'Object Repository/Page_Centreon - IT  Network Monitor (1)/a_Notification' is clicked on

2018-03-13 10:46:03 - [MESSAGE][PASSED] - Object: 'Object Repository/Page_Centreon - IT  Network Monitor (1)/a_Notification' is clicked on

2018-03-13 10:46:03 - [TEST_STEP][PASSED] - click: Object: 'Object Repository/Page_Centreon - IT  Network Monitor (1)/a_Relations' is clicked on

2018-03-13 10:46:03 - [MESSAGE][PASSED] - Object: 'Object Repository/Page_Centreon - IT  Network Monitor (1)/a_Relations' is clicked on

2018-03-13 10:46:03 - [TEST_STEP][PASSED] - click: Object: 'Object Repository/Page_Centreon - IT  Network Monitor (1)/a_Data Processing' is clicked on

2018-03-13 10:46:03 - [MESSAGE][PASSED] - Object: 'Object Repository/Page_Centreon - IT  Network Monitor (1)/a_Data Processing' is clicked on

2018-03-13 10:46:03 - [TEST_STEP][PASSED] - click: Object: 'Object Repository/Page_Centreon - IT  Network Monitor (1)/a_Host Extended Infos' is clicked on

2018-03-13 10:46:04 - [MESSAGE][PASSED] - Object: 'Object Repository/Page_Centreon - IT  Network Monitor (1)/a_Host Extended Infos' is clicked on

2018-03-13 10:46:04 - [TEST_STEP][PASSED] - click: Object: 'Object Repository/Page_Centreon - IT  Network Monitor (1)/input_submitA' is clicked on

2018-03-13 10:46:04 - [MESSAGE][PASSED] - Object: 'Object Repository/Page_Centreon - IT  Network Monitor (1)/input_submitA' is clicked on

2018-03-13 10:46:04 - [TEST_STEP][PASSED] - click: Object: 'Object Repository/Page_Centreon - IT  Network Monitor (1)/a_Configuration' is clicked on

2018-03-13 10:46:05 - [MESSAGE][PASSED] - Object: 'Object Repository/Page_Centreon - IT  Network Monitor (1)/a_Configuration' is clicked on

2018-03-13 10:46:05 - [TEST_STEP][PASSED] - click: Object: 'Object Repository/Page_Centreon - IT  Network Monitor (1)/a_Hosts' is clicked on

2018-03-13 10:46:05 - [MESSAGE][PASSED] - Object: 'Object Repository/Page_Centreon - IT  Network Monitor (1)/a_Hosts' is clicked on

2018-03-13 10:46:05 - [TEST_STEP][PASSED] - click: Object: 'Object Repository/Page_Centreon - IT  Network Monitor (1)/a_Add' is clicked on

2018-03-13 10:46:06 - [MESSAGE][PASSED] - Object: 'Object Repository/Page_Centreon - IT  Network Monitor (1)/a_Add' is clicked on

2018-03-13 10:46:06 - [TEST_STEP][PASSED] - setText: Text '""' is set on object 'Object Repository/Page_Centreon - IT  Network Monitor (1)/input_host_name'

2018-03-13 10:46:06 - [MESSAGE][PASSED] - Text '""' is set on object 'Object Repository/Page_Centreon - IT  Network Monitor (1)/input_host_name'

2018-03-13 10:46:06 - [TEST_STEP][PASSED] - setText: Text 'new_host_katalon' is set on object 'Object Repository/Page_Centreon - IT  Network Monitor (1)/input_host_alias'

2018-03-13 10:46:06 - [MESSAGE][PASSED] - Text 'new_host_katalon' is set on object 'Object Repository/Page_Centreon - IT  Network Monitor (1)/input_host_alias'

2018-03-13 10:46:06 - [TEST_STEP][PASSED] - setText: Text '127.0.0.1' is set on object 'Object Repository/Page_Centreon - IT  Network Monitor (1)/input_host_address'

2018-03-13 10:46:07 - [MESSAGE][PASSED] - Text '127.0.0.1' is set on object 'Object Repository/Page_Centreon - IT  Network Monitor (1)/input_host_address'

2018-03-13 10:46:07 - [TEST_STEP][PASSED] - setText: Text 'public' is set on object 'Object Repository/Page_Centreon - IT  Network Monitor (1)/input_host_snmp_community'

2018-03-13 10:46:07 - [MESSAGE][PASSED] - Text 'public' is set on object 'Object Repository/Page_Centreon - IT  Network Monitor (1)/input_host_snmp_community'

2018-03-13 10:46:07 - [TEST_STEP][PASSED] - selectOptionByValue: All options with value '2c' are selected in object 'Object Repository/Page_Centreon - IT  Network Monitor (1)/select_12c3'  using regular expression

2018-03-13 10:46:07 - [MESSAGE][PASSED] - All options with value '2c' are selected in object 'Object Repository/Page_Centreon - IT  Network Monitor (1)/select_12c3'  using regular expression

2018-03-13 10:46:07 - [TEST_STEP][PASSED] - click: Object: 'Object Repository/Page_Centreon - IT  Network Monitor (1)/a_Notification' is clicked on

2018-03-13 10:46:07 - [MESSAGE][PASSED] - Object: 'Object Repository/Page_Centreon - IT  Network Monitor (1)/a_Notification' is clicked on

2018-03-13 10:46:07 - [TEST_STEP][PASSED] - click: Object: 'Object Repository/Page_Centreon - IT  Network Monitor (1)/a_Relations' is clicked on

2018-03-13 10:46:07 - [MESSAGE][PASSED] - Object: 'Object Repository/Page_Centreon - IT  Network Monitor (1)/a_Relations' is clicked on

2018-03-13 10:46:07 - [TEST_STEP][PASSED] - click: Object: 'Object Repository/Page_Centreon - IT  Network Monitor (1)/a_Data Processing' is clicked on

2018-03-13 10:46:07 - [MESSAGE][PASSED] - Object: 'Object Repository/Page_Centreon - IT  Network Monitor (1)/a_Data Processing' is clicked on

2018-03-13 10:46:07 - [TEST_STEP][PASSED] - click: Object: 'Object Repository/Page_Centreon - IT  Network Monitor (1)/a_Host Extended Infos' is clicked on

2018-03-13 10:46:07 - [MESSAGE][PASSED] - Object: 'Object Repository/Page_Centreon - IT  Network Monitor (1)/a_Host Extended Infos' is clicked on

2018-03-13 10:46:07 - [TEST_STEP][PASSED] - click: Object: 'Object Repository/Page_Centreon - IT  Network Monitor (1)/input_submitA' is clicked on

2018-03-13 10:46:08 - [MESSAGE][PASSED] - Object: 'Object Repository/Page_Centreon - IT  Network Monitor (1)/input_submitA' is clicked on

2018-03-13 10:46:08 - [TEST_STEP][PASSED] - click: Object: 'Object Repository/Page_Centreon - IT  Network Monitor (1)/a_Configuration' is clicked on

2018-03-13 10:46:08 - [MESSAGE][PASSED] - Object: 'Object Repository/Page_Centreon - IT  Network Monitor (1)/a_Configuration' is clicked on

2018-03-13 10:46:08 - [TEST_STEP][PASSED] - click: Object: 'Object Repository/Page_Centreon - IT  Network Monitor (1)/a_Hosts' is clicked on

2018-03-13 10:46:09 - [MESSAGE][PASSED] - Object: 'Object Repository/Page_Centreon - IT  Network Monitor (1)/a_Hosts' is clicked on

2018-03-13 10:46:09 - [TEST_STEP][PASSED] - click: Object: 'Object Repository/Page_Centreon - IT  Network Monitor (1)/a_Add' is clicked on

2018-03-13 10:46:10 - [MESSAGE][PASSED] - Object: 'Object Repository/Page_Centreon - IT  Network Monitor (1)/a_Add' is clicked on

2018-03-13 10:46:10 - [TEST_STEP][PASSED] - setText: Text '""' is set on object 'Object Repository/Page_Centreon - IT  Network Monitor (1)/input_host_name'

2018-03-13 10:46:10 - [MESSAGE][PASSED] - Text '""' is set on object 'Object Repository/Page_Centreon - IT  Network Monitor (1)/input_host_name'

2018-03-13 10:46:10 - [TEST_STEP][PASSED] - setText: Text 'new_host_katalon' is set on object 'Object Repository/Page_Centreon - IT  Network Monitor (1)/input_host_alias'

2018-03-13 10:46:10 - [MESSAGE][PASSED] - Text 'new_host_katalon' is set on object 'Object Repository/Page_Centreon - IT  Network Monitor (1)/input_host_alias'

2018-03-13 10:46:10 - [TEST_STEP][PASSED] - setText: Text '127.0.0.1' is set on object 'Object Repository/Page_Centreon - IT  Network Monitor (1)/input_host_address'

2018-03-13 10:46:10 - [MESSAGE][PASSED] - Text '127.0.0.1' is set on object 'Object Repository/Page_Centreon - IT  Network Monitor (1)/input_host_address'

2018-03-13 10:46:10 - [TEST_STEP][PASSED] - setText: Text 'public' is set on object 'Object Repository/Page_Centreon - IT  Network Monitor (1)/input_host_snmp_community'

2018-03-13 10:46:10 - [MESSAGE][PASSED] - Text 'public' is set on object 'Object Repository/Page_Centreon - IT  Network Monitor (1)/input_host_snmp_community'

2018-03-13 10:46:10 - [TEST_STEP][PASSED] - selectOptionByValue: All options with value '2c' are selected in object 'Object Repository/Page_Centreon - IT  Network Monitor (1)/select_12c3'  using regular expression

2018-03-13 10:46:10 - [MESSAGE][PASSED] - All options with value '2c' are selected in object 'Object Repository/Page_Centreon - IT  Network Monitor (1)/select_12c3'  using regular expression

2018-03-13 10:46:10 - [TEST_STEP][PASSED] - click: Object: 'Object Repository/Page_Centreon - IT  Network Monitor (1)/a_Notification' is clicked on

2018-03-13 10:46:10 - [MESSAGE][PASSED] - Object: 'Object Repository/Page_Centreon - IT  Network Monitor (1)/a_Notification' is clicked on

2018-03-13 10:46:10 - [TEST_STEP][PASSED] - click: Object: 'Object Repository/Page_Centreon - IT  Network Monitor (1)/a_Relations' is clicked on

2018-03-13 10:46:11 - [MESSAGE][PASSED] - Object: 'Object Repository/Page_Centreon - IT  Network Monitor (1)/a_Relations' is clicked on

2018-03-13 10:46:11 - [TEST_STEP][PASSED] - click: Object: 'Object Repository/Page_Centreon - IT  Network Monitor (1)/a_Data Processing' is clicked on

2018-03-13 10:46:11 - [MESSAGE][PASSED] - Object: 'Object Repository/Page_Centreon - IT  Network Monitor (1)/a_Data Processing' is clicked on

2018-03-13 10:46:11 - [TEST_STEP][PASSED] - click: Object: 'Object Repository/Page_Centreon - IT  Network Monitor (1)/a_Host Extended Infos' is clicked on

2018-03-13 10:46:11 - [MESSAGE][PASSED] - Object: 'Object Repository/Page_Centreon - IT  Network Monitor (1)/a_Host Extended Infos' is clicked on

2018-03-13 10:46:11 - [TEST_STEP][PASSED] - click: Object: 'Object Repository/Page_Centreon - IT  Network Monitor (1)/input_submitA' is clicked on

2018-03-13 10:46:12 - [MESSAGE][PASSED] - Object: 'Object Repository/Page_Centreon - IT  Network Monitor (1)/input_submitA' is clicked on

2018-03-13 10:46:12 - [TEST_STEP][PASSED] - click: Object: 'Object Repository/Page_Centreon - IT  Network Monitor (1)/a_Configuration' is clicked on

2018-03-13 10:46:12 - [MESSAGE][PASSED] - Object: 'Object Repository/Page_Centreon - IT  Network Monitor (1)/a_Configuration' is clicked on

2018-03-13 10:46:12 - [TEST_STEP][PASSED] - click: Object: 'Object Repository/Page_Centreon - IT  Network Monitor (1)/a_Hosts' is clicked on

2018-03-13 10:46:12 - [MESSAGE][PASSED] - Object: 'Object Repository/Page_Centreon - IT  Network Monitor (1)/a_Hosts' is clicked on

2018-03-13 10:46:12 - [TEST_STEP][PASSED] - click: Object: 'Object Repository/Page_Centreon - IT  Network Monitor (1)/a_Add' is clicked on

2018-03-13 10:46:13 - [MESSAGE][PASSED] - Object: 'Object Repository/Page_Centreon - IT  Network Monitor (1)/a_Add' is clicked on

2018-03-13 10:46:13 - [TEST_STEP][PASSED] - setText: Text '""' is set on object 'Object Repository/Page_Centreon - IT  Network Monitor (1)/input_host_name'

2018-03-13 10:46:13 - [MESSAGE][PASSED] - Text '""' is set on object 'Object Repository/Page_Centreon - IT  Network Monitor (1)/input_host_name'

2018-03-13 10:46:13 - [TEST_STEP][PASSED] - setText: Text 'new_host_katalon' is set on object 'Object Repository/Page_Centreon - IT  Network Monitor (1)/input_host_alias'

2018-03-13 10:46:14 - [MESSAGE][PASSED] - Text 'new_host_katalon' is set on object 'Object Repository/Page_Centreon - IT  Network Monitor (1)/input_host_alias'

2018-03-13 10:46:14 - [TEST_STEP][PASSED] - setText: Text '127.0.0.1' is set on object 'Object Repository/Page_Centreon - IT  Network Monitor (1)/input_host_address'

2018-03-13 10:46:14 - [MESSAGE][PASSED] - Text '127.0.0.1' is set on object 'Object Repository/Page_Centreon - IT  Network Monitor (1)/input_host_address'

2018-03-13 10:46:14 - [TEST_STEP][PASSED] - setText: Text 'public' is set on object 'Object Repository/Page_Centreon - IT  Network Monitor (1)/input_host_snmp_community'

2018-03-13 10:46:14 - [MESSAGE][PASSED] - Text 'public' is set on object 'Object Repository/Page_Centreon - IT  Network Monitor (1)/input_host_snmp_community'

2018-03-13 10:46:14 - [TEST_STEP][PASSED] - selectOptionByValue: All options with value '2c' are selected in object 'Object Repository/Page_Centreon - IT  Network Monitor (1)/select_12c3'  using regular expression

2018-03-13 10:46:14 - [MESSAGE][PASSED] - All options with value '2c' are selected in object 'Object Repository/Page_Centreon - IT  Network Monitor (1)/select_12c3'  using regular expression

2018-03-13 10:46:14 - [TEST_STEP][PASSED] - click: Object: 'Object Repository/Page_Centreon - IT  Network Monitor (1)/a_Notification' is clicked on

2018-03-13 10:46:14 - [MESSAGE][PASSED] - Object: 'Object Repository/Page_Centreon - IT  Network Monitor (1)/a_Notification' is clicked on

2018-03-13 10:46:14 - [TEST_STEP][PASSED] - click: Object: 'Object Repository/Page_Centreon - IT  Network Monitor (1)/a_Relations' is clicked on

2018-03-13 10:46:14 - [MESSAGE][PASSED] - Object: 'Object Repository/Page_Centreon - IT  Network Monitor (1)/a_Relations' is clicked on

2018-03-13 10:46:14 - [TEST_STEP][PASSED] - click: Object: 'Object Repository/Page_Centreon - IT  Network Monitor (1)/a_Data Processing' is clicked on

2018-03-13 10:46:14 - [MESSAGE][PASSED] - Object: 'Object Repository/Page_Centreon - IT  Network Monitor (1)/a_Data Processing' is clicked on

2018-03-13 10:46:14 - [TEST_STEP][PASSED] - click: Object: 'Object Repository/Page_Centreon - IT  Network Monitor (1)/a_Host Extended Infos' is clicked on

2018-03-13 10:46:14 - [MESSAGE][PASSED] - Object: 'Object Repository/Page_Centreon - IT  Network Monitor (1)/a_Host Extended Infos' is clicked on

2018-03-13 10:46:14 - [TEST_STEP][PASSED] - click: Object: 'Object Repository/Page_Centreon - IT  Network Monitor (1)/input_submitA' is clicked on

2018-03-13 10:46:15 - [MESSAGE][PASSED] - Object: 'Object Repository/Page_Centreon - IT  Network Monitor (1)/input_submitA' is clicked on

2018-03-13 10:46:15 - [TEST_STEP][PASSED] - Statement - While (count < n): null]]></system-out>
         <system-err><![CDATA[]]></system-err>
      </testcase>
      <system-out><![CDATA[2018-03-13 10:45:50 - [TEST_SUITE][PASSED] - Hosts: Test Cases/Host Creation]]></system-out>
      <system-err><![CDATA[]]></system-err>
   </testsuite>
</testsuites>
